#
# There is insufficient memory for the Java Runtime Environment to continue.
# Native memory allocation (malloc) failed to allocate 1978608 bytes for Chunk::new
# Possible reasons:
#   The system is out of physical RAM or swap space
#   The process is running with CompressedOops enabled, and the Java Heap may be blocking the growth of the native heap
# Possible solutions:
#   Reduce memory load on the system
#   Increase physical memory or swap space
#   Check if swap backing store is full
#   Decrease Java heap size (-Xmx/-Xms)
#   Decrease number of Java threads
#   Decrease Java thread stack sizes (-Xss)
#   Set larger code cache with -XX:ReservedCodeCacheSize=
#   JVM is running with Unscaled Compressed Oops mode in which the Java heap is
#     placed in the first 4GB address space. The Java Heap base address is the
#     maximum limit for the native heap growth. Please use -XX:HeapBaseMinAddress
#     to set the Java Heap base and to place the Java Heap above 4GB virtual address.
# This output file may be truncated or incomplete.
#
#  Out of Memory Error (arena.cpp:189), pid=13252, tid=6648
#
# JRE version: OpenJDK Runtime Environment Temurin-17.0.2+8 (17.0.2+8) (build 17.0.2+8)
# Java VM: OpenJDK 64-Bit Server VM Temurin-17.0.2+8 (17.0.2+8, mixed mode, tiered, compressed oops, compressed class ptrs, g1 gc, windows-amd64)
# No core dump will be written. Minidumps are not enabled by default on client versions of Windows
#

---------------  S U M M A R Y ------------

Command Line: -XX:+ShowCodeDetailsInExceptionMessages -agentlib:jdwp=transport=dt_socket,suspend=y,address=localhost:52609 -ea -javaagent:C:\sts-4.14.1.RELEASE\configuration\org.eclipse.osgi\265\0\.cp\lib\javaagent-shaded.jar -Dfile.encoding=UTF-8 org.eclipse.jdt.internal.junit.runner.RemoteTestRunner -version 3 -port 52608 -testLoaderClass org.eclipse.jdt.internal.junit5.runner.JUnit5TestLoader -loaderpluginname org.eclipse.jdt.junit5.runtime -test jdev.mentoria.lojavirtual.TestePessoaUsuario:testCadPessoa

Host: Intel(R) Core(TM) i3-1005G1 CPU @ 1.20GHz, 4 cores, 3G,  Windows 10 , 64 bit Build 19041 (10.0.19041.2251)
Time: Wed Jun 28 19:46:21 2023 Hora Padrão da Bahia elapsed time: 9.247956 seconds (0d 0h 0m 9s)

---------------  T H R E A D  ---------------

Current thread (0x000002425459b020):  JavaThread "C2 CompilerThread0" daemon [_thread_in_native, id=6648, stack(0x000000ef10400000,0x000000ef10500000)]


Current CompileTask:
C2:   9248 4305   !   4       jdk.internal.loader.BuiltinClassLoader::loadClassOrNull (143 bytes)

Stack: [0x000000ef10400000,0x000000ef10500000]
Native frames: (J=compiled Java code, j=interpreted, Vv=VM code, C=native code)
V  [jvm.dll+0x67564a]
V  [jvm.dll+0x82fc04]
V  [jvm.dll+0x8313ae]
V  [jvm.dll+0x831a13]
V  [jvm.dll+0x245235]
V  [jvm.dll+0xabd7b]
V  [jvm.dll+0xac30c]
V  [jvm.dll+0x3631f7]
V  [jvm.dll+0x32d891]
V  [jvm.dll+0x32cd3a]
V  [jvm.dll+0x2180d1]
V  [jvm.dll+0x2174f1]
V  [jvm.dll+0x1a3a8d]
V  [jvm.dll+0x226ef8]
V  [jvm.dll+0x22503c]
V  [jvm.dll+0x7e596b]
V  [jvm.dll+0x7dff2a]
V  [jvm.dll+0x6744d5]
C  [ucrtbase.dll+0x21bb2]
C  [KERNEL32.DLL+0x174b4]
C  [ntdll.dll+0x526a1]


---------------  P R O C E S S  ---------------

Threads class SMR info:
_java_thread_list=0x000002425a6f85c0, length=19, elements={
0x000002423d5f5ed0, 0x000002425452d8a0, 0x000002425452e5e0, 0x000002425454c3f0,
0x000002425457c020, 0x000002425457c8e0, 0x000002425457d1a0, 0x000002425459b020,
0x000002425459e940, 0x000002425459f630, 0x00000242545de890, 0x00000242552195d0,
0x000002425525bfb0, 0x000002425525c690, 0x00000242552be4c0, 0x00000242569675c0,
0x00000242569d6a80, 0x00000242569d8760, 0x00000242569d4da0
}

Java Threads: ( => current thread )
  0x000002423d5f5ed0 JavaThread "main" [_thread_in_vm, id=17336, stack(0x000000ef0f700000,0x000000ef0f800000)]
  0x000002425452d8a0 JavaThread "Reference Handler" daemon [_thread_blocked, id=9076, stack(0x000000ef0fe00000,0x000000ef0ff00000)]
  0x000002425452e5e0 JavaThread "Finalizer" daemon [_thread_blocked, id=18792, stack(0x000000ef0ff00000,0x000000ef10000000)]
  0x000002425454c3f0 JavaThread "Signal Dispatcher" daemon [_thread_blocked, id=8260, stack(0x000000ef10000000,0x000000ef10100000)]
  0x000002425457c020 JavaThread "Attach Listener" daemon [_thread_blocked, id=1436, stack(0x000000ef10100000,0x000000ef10200000)]
  0x000002425457c8e0 JavaThread "Service Thread" daemon [_thread_blocked, id=18440, stack(0x000000ef10200000,0x000000ef10300000)]
  0x000002425457d1a0 JavaThread "Monitor Deflation Thread" daemon [_thread_blocked, id=18716, stack(0x000000ef10300000,0x000000ef10400000)]
=>0x000002425459b020 JavaThread "C2 CompilerThread0" daemon [_thread_in_native, id=6648, stack(0x000000ef10400000,0x000000ef10500000)]
  0x000002425459e940 JavaThread "C1 CompilerThread0" daemon [_thread_blocked, id=17428, stack(0x000000ef10500000,0x000000ef10600000)]
  0x000002425459f630 JavaThread "Sweeper thread" daemon [_thread_blocked, id=10436, stack(0x000000ef10600000,0x000000ef10700000)]
  0x00000242545de890 JavaThread "Common-Cleaner" daemon [_thread_blocked, id=10224, stack(0x000000ef10700000,0x000000ef10800000)]
  0x00000242552195d0 JavaThread "JDWP Transport Listener: dt_socket" daemon [_thread_blocked, id=7288, stack(0x000000ef10800000,0x000000ef10900000)]
  0x000002425525bfb0 JavaThread "JDWP Event Helper Thread" daemon [_thread_blocked, id=2024, stack(0x000000ef10900000,0x000000ef10a00000)]
  0x000002425525c690 JavaThread "JDWP Command Reader" daemon [_thread_in_native, id=18748, stack(0x000000ef10a00000,0x000000ef10b00000)]
  0x00000242552be4c0 JavaThread "Notification Thread" daemon [_thread_blocked, id=19540, stack(0x000000ef10b00000,0x000000ef10c00000)]
  0x00000242569675c0 JavaThread "ReaderThread" [_thread_in_native, id=18360, stack(0x000000ef11000000,0x000000ef11100000)]
  0x00000242569d6a80 JavaThread "mysql-cj-abandoned-connection-cleanup" daemon [_thread_blocked, id=18180, stack(0x000000ef11100000,0x000000ef11200000)]
  0x00000242569d8760 JavaThread "HikariPool-1 housekeeper" daemon [_thread_blocked, id=7748, stack(0x000000ef11300000,0x000000ef11400000)]
  0x00000242569d4da0 JavaThread "HikariPool-1 connection adder" daemon [_thread_blocked, id=18828, stack(0x000000ef11400000,0x000000ef11500000)]

Other Threads:
  0x000002425455f9f0 VMThread "VM Thread" [stack: 0x000000ef0fd00000,0x000000ef0fe00000] [id=12752]
  0x000002423d634510 WatcherThread [stack: 0x000000ef10c00000,0x000000ef10d00000] [id=11216]
  0x000002423d6219a0 GCTaskThread "GC Thread#0" [stack: 0x000000ef0f800000,0x000000ef0f900000] [id=18676]
  0x00000242559c2ab0 GCTaskThread "GC Thread#1" [stack: 0x000000ef10d00000,0x000000ef10e00000] [id=16176]
  0x0000024255c927c0 GCTaskThread "GC Thread#2" [stack: 0x000000ef10e00000,0x000000ef10f00000] [id=8596]
  0x0000024256811cd0 GCTaskThread "GC Thread#3" [stack: 0x000000ef10f00000,0x000000ef11000000] [id=19232]
  0x000002423d62a6f0 ConcurrentGCThread "G1 Main Marker" [stack: 0x000000ef0f900000,0x000000ef0fa00000] [id=8924]
  0x000002423d62bec0 ConcurrentGCThread "G1 Conc#0" [stack: 0x000000ef0fa00000,0x000000ef0fb00000] [id=16376]
  0x000002423d66a180 ConcurrentGCThread "G1 Refine#0" [stack: 0x000000ef0fb00000,0x000000ef0fc00000] [id=11640]
  0x000002423d66a950 ConcurrentGCThread "G1 Service" [stack: 0x000000ef0fc00000,0x000000ef0fd00000] [id=17752]

Threads with active compile tasks:
C2 CompilerThread0     9287 4305   !   4       jdk.internal.loader.BuiltinClassLoader::loadClassOrNull (143 bytes)

VM state: not at safepoint (normal execution)

VM Mutex/Monitor currently owned by a thread: None

Heap address: 0x00000000c3a00000, size: 966 MB, Compressed Oops mode: 32-bit

CDS archive(s) not mapped
Compressed class space mapped at: 0x0000000100000000-0x0000000140000000, reserved size: 1073741824
Narrow klass base: 0x0000000000000000, Narrow klass shift: 3, Narrow klass range: 0x140000000

GC Precious Log:
 CPUs: 4 total, 4 available
 Memory: 3862M
 Large Page Support: Disabled
 NUMA Support: Disabled
 Compressed Oops: Enabled (32-bit)
 Heap Region Size: 1M
 Heap Min Capacity: 8M
 Heap Initial Capacity: 62M
 Heap Max Capacity: 966M
 Pre-touch: Disabled
 Parallel Workers: 4
 Concurrent Workers: 1
 Concurrent Refinement Workers: 4
 Periodic GC: Disabled

Heap:
 garbage-first heap   total 61440K, used 47118K [0x00000000c3a00000, 0x0000000100000000)
  region size 1024K, 29 young (29696K), 3 survivors (3072K)
 Metaspace       used 49978K, committed 50368K, reserved 1097728K
  class space    used 6237K, committed 6400K, reserved 1048576K

Heap Regions: E=young(eden), S=young(survivor), O=old, HS=humongous(starts), HC=humongous(continues), CS=collection set, F=free, OA=open archive, CA=closed archive, TAMS=top-at-mark-start (previous, next)
|   0|0x00000000c3a00000, 0x00000000c3b00000, 0x00000000c3b00000|100%|HS|  |TAMS 0x00000000c3b00000, 0x00000000c3a00000| Complete 
|   1|0x00000000c3b00000, 0x00000000c3c00000, 0x00000000c3c00000|100%| O|  |TAMS 0x00000000c3c00000, 0x00000000c3b00000| Untracked 
|   2|0x00000000c3c00000, 0x00000000c3d00000, 0x00000000c3d00000|100%| O|  |TAMS 0x00000000c3d00000, 0x00000000c3c00000| Untracked 
|   3|0x00000000c3d00000, 0x00000000c3e00000, 0x00000000c3e00000|100%| O|  |TAMS 0x00000000c3e00000, 0x00000000c3d00000| Untracked 
|   4|0x00000000c3e00000, 0x00000000c3f00000, 0x00000000c3f00000|100%| O|  |TAMS 0x00000000c3f00000, 0x00000000c3e00000| Untracked 
|   5|0x00000000c3f00000, 0x00000000c4000000, 0x00000000c4000000|100%| O|  |TAMS 0x00000000c4000000, 0x00000000c3f00000| Untracked 
|   6|0x00000000c4000000, 0x00000000c4100000, 0x00000000c4100000|100%| O|  |TAMS 0x00000000c4100000, 0x00000000c4000000| Untracked 
|   7|0x00000000c4100000, 0x00000000c4200000, 0x00000000c4200000|100%| O|  |TAMS 0x00000000c4100000, 0x00000000c4100000| Untracked 
|   8|0x00000000c4200000, 0x00000000c4300000, 0x00000000c4300000|100%| O|  |TAMS 0x00000000c4300000, 0x00000000c4200000| Untracked 
|   9|0x00000000c4300000, 0x00000000c4400000, 0x00000000c4400000|100%| O|  |TAMS 0x00000000c4400000, 0x00000000c4300000| Untracked 
|  10|0x00000000c4400000, 0x00000000c4500000, 0x00000000c4500000|100%| O|  |TAMS 0x00000000c4400000, 0x00000000c4400000| Untracked 
|  11|0x00000000c4500000, 0x00000000c4600000, 0x00000000c4600000|100%| O|  |TAMS 0x00000000c4500000, 0x00000000c4500000| Untracked 
|  12|0x00000000c4600000, 0x00000000c4700000, 0x00000000c4700000|100%| O|  |TAMS 0x00000000c4600000, 0x00000000c4600000| Untracked 
|  13|0x00000000c4700000, 0x00000000c4800000, 0x00000000c4800000|100%| O|  |TAMS 0x00000000c4700000, 0x00000000c4700000| Untracked 
|  14|0x00000000c4800000, 0x00000000c4900000, 0x00000000c4900000|100%| O|  |TAMS 0x00000000c4800000, 0x00000000c4800000| Untracked 
|  15|0x00000000c4900000, 0x00000000c4a00000, 0x00000000c4a00000|100%| O|  |TAMS 0x00000000c4a00000, 0x00000000c4900000| Untracked 
|  16|0x00000000c4a00000, 0x00000000c4b00000, 0x00000000c4b00000|100%| O|  |TAMS 0x00000000c4b00000, 0x00000000c4a00000| Untracked 
|  17|0x00000000c4b00000, 0x00000000c4c00000, 0x00000000c4c00000|100%| O|  |TAMS 0x00000000c4c00000, 0x00000000c4b00000| Untracked 
|  18|0x00000000c4c00000, 0x00000000c4c0ca00, 0x00000000c4d00000|  4%| O|  |TAMS 0x00000000c4c0ca00, 0x00000000c4c00000| Untracked 
|  19|0x00000000c4d00000, 0x00000000c4e00000, 0x00000000c4e00000|100%| O|  |TAMS 0x00000000c4d00000, 0x00000000c4d00000| Untracked 
|  20|0x00000000c4e00000, 0x00000000c4ed5800, 0x00000000c4f00000| 83%| O|  |TAMS 0x00000000c4e00000, 0x00000000c4e00000| Untracked 
|  21|0x00000000c4f00000, 0x00000000c4f00000, 0x00000000c5000000|  0%| F|  |TAMS 0x00000000c4f00000, 0x00000000c4f00000| Untracked 
|  22|0x00000000c5000000, 0x00000000c5000000, 0x00000000c5100000|  0%| F|  |TAMS 0x00000000c5000000, 0x00000000c5000000| Untracked 
|  23|0x00000000c5100000, 0x00000000c5100000, 0x00000000c5200000|  0%| F|  |TAMS 0x00000000c5100000, 0x00000000c5100000| Untracked 
|  24|0x00000000c5200000, 0x00000000c5200000, 0x00000000c5300000|  0%| F|  |TAMS 0x00000000c5200000, 0x00000000c5200000| Untracked 
|  25|0x00000000c5300000, 0x00000000c5300000, 0x00000000c5400000|  0%| F|  |TAMS 0x00000000c5300000, 0x00000000c5300000| Untracked 
|  26|0x00000000c5400000, 0x00000000c5400000, 0x00000000c5500000|  0%| F|  |TAMS 0x00000000c5400000, 0x00000000c5400000| Untracked 
|  27|0x00000000c5500000, 0x00000000c5500000, 0x00000000c5600000|  0%| F|  |TAMS 0x00000000c5500000, 0x00000000c5500000| Untracked 
|  28|0x00000000c5600000, 0x00000000c56217c8, 0x00000000c5700000| 13%| S|CS|TAMS 0x00000000c5600000, 0x00000000c5600000| Complete 
|  29|0x00000000c5700000, 0x00000000c5700000, 0x00000000c5800000|  0%| F|  |TAMS 0x00000000c5700000, 0x00000000c5700000| Untracked 
|  30|0x00000000c5800000, 0x00000000c5900000, 0x00000000c5900000|100%| S|CS|TAMS 0x00000000c5800000, 0x00000000c5800000| Complete 
|  31|0x00000000c5900000, 0x00000000c5900000, 0x00000000c5a00000|  0%| F|  |TAMS 0x00000000c5900000, 0x00000000c5900000| Untracked 
|  32|0x00000000c5a00000, 0x00000000c5a00000, 0x00000000c5b00000|  0%| F|  |TAMS 0x00000000c5a00000, 0x00000000c5a00000| Untracked 
|  33|0x00000000c5b00000, 0x00000000c5c00000, 0x00000000c5c00000|100%| S|CS|TAMS 0x00000000c5b00000, 0x00000000c5b00000| Complete 
|  34|0x00000000c5c00000, 0x00000000c5c81678, 0x00000000c5d00000| 50%| E|  |TAMS 0x00000000c5c00000, 0x00000000c5c00000| Complete 
|  35|0x00000000c5d00000, 0x00000000c5e00000, 0x00000000c5e00000|100%| E|CS|TAMS 0x00000000c5d00000, 0x00000000c5d00000| Complete 
|  36|0x00000000c5e00000, 0x00000000c5f00000, 0x00000000c5f00000|100%| E|CS|TAMS 0x00000000c5e00000, 0x00000000c5e00000| Complete 
|  37|0x00000000c5f00000, 0x00000000c6000000, 0x00000000c6000000|100%| E|CS|TAMS 0x00000000c5f00000, 0x00000000c5f00000| Complete 
|  38|0x00000000c6000000, 0x00000000c6100000, 0x00000000c6100000|100%| E|CS|TAMS 0x00000000c6000000, 0x00000000c6000000| Complete 
|  39|0x00000000c6100000, 0x00000000c6200000, 0x00000000c6200000|100%| E|CS|TAMS 0x00000000c6100000, 0x00000000c6100000| Complete 
|  40|0x00000000c6200000, 0x00000000c6300000, 0x00000000c6300000|100%| E|CS|TAMS 0x00000000c6200000, 0x00000000c6200000| Complete 
|  41|0x00000000c6300000, 0x00000000c6400000, 0x00000000c6400000|100%| E|CS|TAMS 0x00000000c6300000, 0x00000000c6300000| Complete 
|  42|0x00000000c6400000, 0x00000000c6500000, 0x00000000c6500000|100%| E|CS|TAMS 0x00000000c6400000, 0x00000000c6400000| Complete 
|  43|0x00000000c6500000, 0x00000000c6600000, 0x00000000c6600000|100%| E|CS|TAMS 0x00000000c6500000, 0x00000000c6500000| Complete 
|  44|0x00000000c6600000, 0x00000000c6700000, 0x00000000c6700000|100%| E|CS|TAMS 0x00000000c6600000, 0x00000000c6600000| Complete 
|  45|0x00000000c6700000, 0x00000000c6800000, 0x00000000c6800000|100%| E|CS|TAMS 0x00000000c6700000, 0x00000000c6700000| Complete 
|  46|0x00000000c6800000, 0x00000000c6900000, 0x00000000c6900000|100%| E|CS|TAMS 0x00000000c6800000, 0x00000000c6800000| Complete 
|  47|0x00000000c6900000, 0x00000000c6a00000, 0x00000000c6a00000|100%| E|CS|TAMS 0x00000000c6900000, 0x00000000c6900000| Complete 
|  48|0x00000000c6a00000, 0x00000000c6b00000, 0x00000000c6b00000|100%| E|CS|TAMS 0x00000000c6a00000, 0x00000000c6a00000| Complete 
|  49|0x00000000c6b00000, 0x00000000c6c00000, 0x00000000c6c00000|100%| E|CS|TAMS 0x00000000c6b00000, 0x00000000c6b00000| Complete 
|  50|0x00000000c6c00000, 0x00000000c6d00000, 0x00000000c6d00000|100%| E|  |TAMS 0x00000000c6c00000, 0x00000000c6c00000| Complete 
|  51|0x00000000c6d00000, 0x00000000c6e00000, 0x00000000c6e00000|100%| E|CS|TAMS 0x00000000c6d00000, 0x00000000c6d00000| Complete 
|  52|0x00000000c6e00000, 0x00000000c6f00000, 0x00000000c6f00000|100%| E|CS|TAMS 0x00000000c6e00000, 0x00000000c6e00000| Complete 
|  53|0x00000000c6f00000, 0x00000000c7000000, 0x00000000c7000000|100%| E|CS|TAMS 0x00000000c6f00000, 0x00000000c6f00000| Complete 
|  54|0x00000000c7000000, 0x00000000c7100000, 0x00000000c7100000|100%| E|CS|TAMS 0x00000000c7000000, 0x00000000c7000000| Complete 
|  59|0x00000000c7500000, 0x00000000c7600000, 0x00000000c7600000|100%| E|CS|TAMS 0x00000000c7500000, 0x00000000c7500000| Complete 
|  60|0x00000000c7600000, 0x00000000c7700000, 0x00000000c7700000|100%| E|CS|TAMS 0x00000000c7600000, 0x00000000c7600000| Complete 
|  61|0x00000000c7700000, 0x00000000c7800000, 0x00000000c7800000|100%| E|CS|TAMS 0x00000000c7700000, 0x00000000c7700000| Complete 
|  62|0x00000000c7800000, 0x00000000c7900000, 0x00000000c7900000|100%| E|CS|TAMS 0x00000000c7800000, 0x00000000c7800000| Complete 
|  87|0x00000000c9100000, 0x00000000c9200000, 0x00000000c9200000|100%| E|CS|TAMS 0x00000000c9100000, 0x00000000c9100000| Complete 

Card table byte_map: [0x000002424fe90000,0x0000024250080000] _byte_map_base: 0x000002424f873000

Marking Bits (Prev, Next): (CMBitMap*) 0x000002423d621d60, (CMBitMap*) 0x000002423d621da0
 Prev Bits: [0x0000024250270000, 0x0000024251188000)
 Next Bits: [0x0000024251190000, 0x00000242520a8000)

Polling page: 0x000002423b3e0000

Metaspace:

Usage:
  Non-class:     42.73 MB used.
      Class:      6.10 MB used.
       Both:     48.83 MB used.

Virtual space:
  Non-class space:       48.00 MB reserved,      42.94 MB ( 89%) committed,  6 nodes.
      Class space:        1.00 GB reserved,       6.25 MB ( <1%) committed,  1 nodes.
             Both:        1.05 GB reserved,      49.19 MB (  5%) committed. 

Chunk freelists:
   Non-Class:  992.00 KB
       Class:  1.77 MB
        Both:  2.73 MB

MaxMetaspaceSize: unlimited
CompressedClassSpaceSize: 1.00 GB
Initial GC threshold: 21.00 MB
Current GC threshold: 58.69 MB
CDS: off
MetaspaceReclaimPolicy: balanced
 - commit_granule_bytes: 65536.
 - commit_granule_words: 8192.
 - virtual_space_node_default_size: 1048576.
 - enlarge_chunks_in_place: 1.
 - new_chunks_are_fully_committed: 0.
 - uncommit_free_chunks: 1.
 - use_allocation_guard: 0.
 - handle_deallocations: 1.


Internal statistics:

num_allocs_failed_limit: 6.
num_arena_births: 382.
num_arena_deaths: 0.
num_vsnodes_births: 7.
num_vsnodes_deaths: 0.
num_space_committed: 787.
num_space_uncommitted: 0.
num_chunks_returned_to_freelist: 6.
num_chunks_taken_from_freelist: 1870.
num_chunk_merges: 6.
num_chunk_splits: 1277.
num_chunks_enlarged: 963.
num_purges: 0.
num_inconsistent_stats: 0.

CodeHeap 'non-profiled nmethods': size=120000Kb used=2433Kb max_used=2433Kb free=117566Kb
 bounds [0x0000024248770000, 0x00000242489e0000, 0x000002424fca0000]
CodeHeap 'profiled nmethods': size=120000Kb used=9482Kb max_used=9482Kb free=110517Kb
 bounds [0x0000024241240000, 0x0000024241b90000, 0x0000024248770000]
CodeHeap 'non-nmethods': size=5760Kb used=1308Kb max_used=1361Kb free=4452Kb
 bounds [0x0000024240ca0000, 0x0000024240f10000, 0x0000024241240000]
 total_blobs=4959 nmethods=4427 adapters=443
 compilation: enabled
              stopped_count=0, restarted_count=0
 full_count=0

Compilation events (20 events):
Event: 9.073 Thread 0x000002425459b020 nmethod 4475 0x00000242489cc790 code [0x00000242489cc940, 0x00000242489cdeb8]
Event: 9.073 Thread 0x000002425459b020 4479       4       jdk.internal.reflect.UTF8::utf8Length (81 bytes)
Event: 9.075 Thread 0x000002425459b020 nmethod 4479 0x00000242489ce690 code [0x00000242489ce820, 0x00000242489ce968]
Event: 9.075 Thread 0x000002425459b020 4481   !   4       java.net.URL::set (114 bytes)
Event: 9.081 Thread 0x000002425459b020 nmethod 4481 0x00000242489ceb10 code [0x00000242489cec80, 0x00000242489cf558]
Event: 9.081 Thread 0x000002425459b020 4477       4       jdk.internal.module.SystemModuleFinders$SystemModuleReader::find (59 bytes)
Event: 9.082 Thread 0x000002425459b020 nmethod 4477 0x00000242489cf690 code [0x00000242489cf820, 0x00000242489cf988]
Event: 9.082 Thread 0x000002425459b020 4478       4       jdk.internal.module.SystemModuleFinders$SystemModuleReader::containsImageLocation (42 bytes)
Event: 9.083 Thread 0x000002425459b020 nmethod 4478 0x00000242489cfb90 code [0x00000242489cfd20, 0x00000242489cfe68]
Event: 9.083 Thread 0x000002425459b020 4302       4       java.lang.ClassLoader::getClassLoadingLock (35 bytes)
Event: 9.084 Thread 0x000002425459b020 nmethod 4302 0x00000242489d0010 code [0x00000242489d01a0, 0x00000242489d02c8]
Event: 9.084 Thread 0x000002425459b020 4305   !   4       jdk.internal.loader.BuiltinClassLoader::loadClassOrNull (143 bytes)
Event: 9.112 Thread 0x000002425459e940 4483   !   3       java.lang.Class::newInstance (134 bytes)
Event: 9.114 Thread 0x000002425459e940 nmethod 4483 0x0000024241b73b90 code [0x0000024241b74040, 0x0000024241b76298]
Event: 9.115 Thread 0x000002425459e940 4484       3       jdk.internal.reflect.ReflectionFactory::newInstance (13 bytes)
Event: 9.115 Thread 0x000002425459e940 nmethod 4484 0x0000024241b77210 code [0x0000024241b773c0, 0x0000024241b775e8]
Event: 9.115 Thread 0x000002425459e940 4485       3       java.lang.reflect.ReflectAccess::newInstance (8 bytes)
Event: 9.115 Thread 0x000002425459e940 nmethod 4485 0x0000024241b77790 code [0x0000024241b77940, 0x0000024241b77aa8]
Event: 9.162 Thread 0x000002425459e940 4488 % !   3       java.net.URL::<init> @ 147 (543 bytes)
Event: 9.168 Thread 0x000002425459e940 nmethod 4488% 0x0000024241b77b90 code [0x0000024241b782a0, 0x0000024241b7fbe8]

GC Heap History (20 events):
Event: 3.898 GC heap before
{Heap before GC invocations=7 (full 0):
 garbage-first heap   total 45056K, used 12770K [0x00000000c3a00000, 0x0000000100000000)
  region size 1024K, 6 young (6144K), 5 survivors (5120K)
 Metaspace       used 24049K, committed 24256K, reserved 1073152K
  class space    used 2645K, committed 2752K, reserved 1048576K
}
Event: 3.902 GC heap after
{Heap after GC invocations=8 (full 0):
 garbage-first heap   total 45056K, used 13051K [0x00000000c3a00000, 0x0000000100000000)
  region size 1024K, 1 young (1024K), 1 survivors (1024K)
 Metaspace       used 24049K, committed 24256K, reserved 1073152K
  class space    used 2645K, committed 2752K, reserved 1048576K
}
Event: 4.080 GC heap before
{Heap before GC invocations=8 (full 0):
 garbage-first heap   total 45056K, used 30459K [0x00000000c3a00000, 0x0000000100000000)
  region size 1024K, 19 young (19456K), 1 survivors (1024K)
 Metaspace       used 25948K, committed 26176K, reserved 1073152K
  class space    used 2913K, committed 3008K, reserved 1048576K
}
Event: 4.082 GC heap after
{Heap after GC invocations=9 (full 0):
 garbage-first heap   total 90112K, used 12733K [0x00000000c3a00000, 0x0000000100000000)
  region size 1024K, 1 young (1024K), 1 survivors (1024K)
 Metaspace       used 25948K, committed 26176K, reserved 1073152K
  class space    used 2913K, committed 3008K, reserved 1048576K
}
Event: 4.694 GC heap before
{Heap before GC invocations=9 (full 0):
 garbage-first heap   total 90112K, used 63933K [0x00000000c3a00000, 0x0000000100000000)
  region size 1024K, 52 young (53248K), 1 survivors (1024K)
 Metaspace       used 30296K, committed 30528K, reserved 1081344K
  class space    used 3516K, committed 3648K, reserved 1048576K
}
Event: 4.697 GC heap after
{Heap after GC invocations=10 (full 0):
 garbage-first heap   total 90112K, used 14530K [0x00000000c3a00000, 0x0000000100000000)
  region size 1024K, 3 young (3072K), 3 survivors (3072K)
 Metaspace       used 30296K, committed 30528K, reserved 1081344K
  class space    used 3516K, committed 3648K, reserved 1048576K
}
Event: 5.490 GC heap before
{Heap before GC invocations=10 (full 0):
 garbage-first heap   total 90112K, used 63682K [0x00000000c3a00000, 0x0000000100000000)
  region size 1024K, 52 young (53248K), 3 survivors (3072K)
 Metaspace       used 34098K, committed 34368K, reserved 1081344K
  class space    used 3954K, committed 4096K, reserved 1048576K
}
Event: 5.494 GC heap after
{Heap after GC invocations=11 (full 0):
 garbage-first heap   total 90112K, used 15677K [0x00000000c3a00000, 0x0000000100000000)
  region size 1024K, 4 young (4096K), 4 survivors (4096K)
 Metaspace       used 34098K, committed 34368K, reserved 1081344K
  class space    used 3954K, committed 4096K, reserved 1048576K
}
Event: 5.915 GC heap before
{Heap before GC invocations=11 (full 0):
 garbage-first heap   total 90112K, used 40253K [0x00000000c3a00000, 0x0000000100000000)
  region size 1024K, 29 young (29696K), 4 survivors (4096K)
 Metaspace       used 35697K, committed 35968K, reserved 1081344K
  class space    used 4189K, committed 4352K, reserved 1048576K
}
Event: 5.920 GC heap after
{Heap after GC invocations=12 (full 0):
 garbage-first heap   total 90112K, used 16084K [0x00000000c3a00000, 0x0000000100000000)
  region size 1024K, 4 young (4096K), 4 survivors (4096K)
 Metaspace       used 35697K, committed 35968K, reserved 1081344K
  class space    used 4189K, committed 4352K, reserved 1048576K
}
Event: 6.453 GC heap before
{Heap before GC invocations=13 (full 0):
 garbage-first heap   total 61440K, used 48852K [0x00000000c3a00000, 0x0000000100000000)
  region size 1024K, 36 young (36864K), 4 survivors (4096K)
 Metaspace       used 37807K, committed 38080K, reserved 1089536K
  class space    used 4485K, committed 4608K, reserved 1048576K
}
Event: 6.459 GC heap after
{Heap after GC invocations=14 (full 0):
 garbage-first heap   total 61440K, used 17342K [0x00000000c3a00000, 0x0000000100000000)
  region size 1024K, 4 young (4096K), 4 survivors (4096K)
 Metaspace       used 37807K, committed 38080K, reserved 1089536K
  class space    used 4485K, committed 4608K, reserved 1048576K
}
Event: 7.081 GC heap before
{Heap before GC invocations=14 (full 0):
 garbage-first heap   total 61440K, used 48062K [0x00000000c3a00000, 0x0000000100000000)
  region size 1024K, 34 young (34816K), 4 survivors (4096K)
 Metaspace       used 40095K, committed 40384K, reserved 1089536K
  class space    used 4806K, committed 4928K, reserved 1048576K
}
Event: 7.088 GC heap after
{Heap after GC invocations=15 (full 0):
 garbage-first heap   total 61440K, used 18811K [0x00000000c3a00000, 0x0000000100000000)
  region size 1024K, 4 young (4096K), 4 survivors (4096K)
 Metaspace       used 40095K, committed 40384K, reserved 1089536K
  class space    used 4806K, committed 4928K, reserved 1048576K
}
Event: 7.621 GC heap before
{Heap before GC invocations=15 (full 0):
 garbage-first heap   total 61440K, used 47483K [0x00000000c3a00000, 0x0000000100000000)
  region size 1024K, 33 young (33792K), 4 survivors (4096K)
 Metaspace       used 42035K, committed 42432K, reserved 1089536K
  class space    used 5108K, committed 5312K, reserved 1048576K
}
Event: 7.626 GC heap after
{Heap after GC invocations=16 (full 0):
 garbage-first heap   total 61440K, used 20416K [0x00000000c3a00000, 0x0000000100000000)
  region size 1024K, 4 young (4096K), 4 survivors (4096K)
 Metaspace       used 42035K, committed 42432K, reserved 1089536K
  class space    used 5108K, committed 5312K, reserved 1048576K
}
Event: 8.307 GC heap before
{Heap before GC invocations=16 (full 0):
 garbage-first heap   total 61440K, used 47040K [0x00000000c3a00000, 0x0000000100000000)
  region size 1024K, 31 young (31744K), 4 survivors (4096K)
 Metaspace       used 45333K, committed 45696K, reserved 1089536K
  class space    used 5474K, committed 5632K, reserved 1048576K
}
Event: 8.312 GC heap after
{Heap after GC invocations=17 (full 0):
 garbage-first heap   total 61440K, used 21563K [0x00000000c3a00000, 0x0000000100000000)
  region size 1024K, 3 young (3072K), 3 survivors (3072K)
 Metaspace       used 45333K, committed 45696K, reserved 1089536K
  class space    used 5474K, committed 5632K, reserved 1048576K
}
Event: 8.896 GC heap before
{Heap before GC invocations=17 (full 0):
 garbage-first heap   total 61440K, used 47163K [0x00000000c3a00000, 0x0000000100000000)
  region size 1024K, 29 young (29696K), 3 survivors (3072K)
 Metaspace       used 47563K, committed 47872K, reserved 1097728K
  class space    used 5743K, committed 5888K, reserved 1048576K
}
Event: 8.908 GC heap after
{Heap after GC invocations=18 (full 0):
 garbage-first heap   total 61440K, used 22542K [0x00000000c3a00000, 0x0000000100000000)
  region size 1024K, 3 young (3072K), 3 survivors (3072K)
 Metaspace       used 47563K, committed 47872K, reserved 1097728K
  class space    used 5743K, committed 5888K, reserved 1048576K
}

Deoptimization events (20 events):
Event: 9.135 Thread 0x000002423d5f5ed0 DEOPT PACKING pc=0x0000024241487c24 sp=0x000000ef0f7fb0b0
Event: 9.135 Thread 0x000002423d5f5ed0 DEOPT UNPACKING pc=0x0000024240cf6763 sp=0x000000ef0f7fa5a0 mode 1
Event: 9.182 Thread 0x000002423d5f5ed0 DEOPT PACKING pc=0x00000242413e69e4 sp=0x000000ef0f7fa580
Event: 9.182 Thread 0x000002423d5f5ed0 DEOPT UNPACKING pc=0x0000024240cf6763 sp=0x000000ef0f7f9a18 mode 1
Event: 9.182 Thread 0x000002423d5f5ed0 DEOPT PACKING pc=0x00000242413e5ed4 sp=0x000000ef0f7fa650
Event: 9.182 Thread 0x000002423d5f5ed0 DEOPT UNPACKING pc=0x0000024240cf6763 sp=0x000000ef0f7f9b08 mode 1
Event: 9.182 Thread 0x000002423d5f5ed0 DEOPT PACKING pc=0x0000024241487c24 sp=0x000000ef0f7fb040
Event: 9.182 Thread 0x000002423d5f5ed0 DEOPT UNPACKING pc=0x0000024240cf6763 sp=0x000000ef0f7fa530 mode 1
Event: 9.183 Thread 0x000002423d5f5ed0 DEOPT PACKING pc=0x00000242413e69e4 sp=0x000000ef0f7fa580
Event: 9.183 Thread 0x000002423d5f5ed0 DEOPT UNPACKING pc=0x0000024240cf6763 sp=0x000000ef0f7f9a18 mode 1
Event: 9.183 Thread 0x000002423d5f5ed0 DEOPT PACKING pc=0x00000242413e5ed4 sp=0x000000ef0f7fa650
Event: 9.183 Thread 0x000002423d5f5ed0 DEOPT UNPACKING pc=0x0000024240cf6763 sp=0x000000ef0f7f9b08 mode 1
Event: 9.183 Thread 0x000002423d5f5ed0 DEOPT PACKING pc=0x0000024241487c24 sp=0x000000ef0f7fb040
Event: 9.183 Thread 0x000002423d5f5ed0 DEOPT UNPACKING pc=0x0000024240cf6763 sp=0x000000ef0f7fa530 mode 1
Event: 9.238 Thread 0x00000242569d4da0 DEOPT PACKING pc=0x0000024241b1736c sp=0x000000ef114feba0
Event: 9.238 Thread 0x00000242569d4da0 DEOPT UNPACKING pc=0x0000024240cf6763 sp=0x000000ef114fe038 mode 1
Event: 9.238 Thread 0x00000242569d4da0 DEOPT PACKING pc=0x0000024241b24724 sp=0x000000ef114febf0
Event: 9.238 Thread 0x00000242569d4da0 DEOPT UNPACKING pc=0x0000024240cf6763 sp=0x000000ef114fe058 mode 1
Event: 9.238 Thread 0x00000242569d4da0 DEOPT PACKING pc=0x0000024241b24174 sp=0x000000ef114fec60
Event: 9.238 Thread 0x00000242569d4da0 DEOPT UNPACKING pc=0x0000024240cf6763 sp=0x000000ef114fe110 mode 1

Classes unloaded (0 events):
No events

Classes redefined (0 events):
No events

Internal exceptions (20 events):
Event: 8.361 Thread 0x000002423d5f5ed0 Exception <a 'java/lang/ClassNotFoundException'{0x00000000c77870f0}: java/lang/ObjectCustomizer> (0x00000000c77870f0) 
thrown [e:\jenkins\tmp\workspace\build\src\src\hotspot\share\classfile\systemDictionary.cpp, line 256]
Event: 8.363 Thread 0x000002423d5f5ed0 Exception <a 'java/lang/ClassNotFoundException'{0x00000000c7791e20}: org/springframework/orm/jpa/AbstractEntityManagerFactoryBeanCustomizer> (0x00000000c7791e20) 
thrown [e:\jenkins\tmp\workspace\build\src\src\hotspot\share\classfile\systemDictionary.cpp, line 256]
Event: 8.366 Thread 0x000002423d5f5ed0 Exception <a 'java/lang/ClassNotFoundException'{0x00000000c77c2fb0}: org/springframework/orm/jpa/LocalContainerEntityManagerFactoryBeanCustomizer> (0x00000000c77c2fb0) 
thrown [e:\jenkins\tmp\workspace\build\src\src\hotspot\share\classfile\systemDictionary.cpp, line 256]
Event: 8.370 Thread 0x000002423d5f5ed0 Exception <a 'java/lang/ClassNotFoundException'{0x00000000c760c9c0}: org/springframework/context/ResourceLoaderAwareCustomizer> (0x00000000c760c9c0) 
thrown [e:\jenkins\tmp\workspace\build\src\src\hotspot\share\classfile\systemDictionary.cpp, line 256]
Event: 8.373 Thread 0x000002423d5f5ed0 Exception <a 'java/lang/ClassNotFoundException'{0x00000000c7614b08}: org/springframework/beans/factory/AwareCustomizer> (0x00000000c7614b08) 
thrown [e:\jenkins\tmp\workspace\build\src\src\hotspot\share\classfile\systemDictionary.cpp, line 256]
Event: 8.374 Thread 0x000002423d5f5ed0 Exception <a 'java/lang/ClassNotFoundException'{0x00000000c761c348}: org/springframework/context/weaving/LoadTimeWeaverAwareCustomizer> (0x00000000c761c348) 
thrown [e:\jenkins\tmp\workspace\build\src\src\hotspot\share\classfile\systemDictionary.cpp, line 256]
Event: 8.377 Thread 0x000002423d5f5ed0 Exception <a 'java/lang/ClassNotFoundException'{0x00000000c7624998}: org/springframework/beans/factory/AwareCustomizer> (0x00000000c7624998) 
thrown [e:\jenkins\tmp\workspace\build\src\src\hotspot\share\classfile\systemDictionary.cpp, line 256]
Event: 8.378 Thread 0x000002423d5f5ed0 Exception <a 'java/lang/ClassNotFoundException'{0x00000000c762bfa8}: org/springframework/beans/factory/FactoryBeanCustomizer> (0x00000000c762bfa8) 
thrown [e:\jenkins\tmp\workspace\build\src\src\hotspot\share\classfile\systemDictionary.cpp, line 256]
Event: 8.383 Thread 0x000002423d5f5ed0 Exception <a 'java/lang/ClassNotFoundException'{0x00000000c76379d0}: org/springframework/beans/factory/BeanClassLoaderAwareCustomizer> (0x00000000c76379d0) 
thrown [e:\jenkins\tmp\workspace\build\src\src\hotspot\share\classfile\systemDictionary.cpp, line 256]
Event: 8.385 Thread 0x000002423d5f5ed0 Exception <a 'java/lang/ClassNotFoundException'{0x00000000c763fb40}: org/springframework/beans/factory/AwareCustomizer> (0x00000000c763fb40) 
thrown [e:\jenkins\tmp\workspace\build\src\src\hotspot\share\classfile\systemDictionary.cpp, line 256]
Event: 8.387 Thread 0x000002423d5f5ed0 Exception <a 'java/lang/ClassNotFoundException'{0x00000000c7647180}: org/springframework/beans/factory/BeanFactoryAwareCustomizer> (0x00000000c7647180) 
thrown [e:\jenkins\tmp\workspace\build\src\src\hotspot\share\classfile\systemDictionary.cpp, line 256]
Event: 8.388 Thread 0x000002423d5f5ed0 Exception <a 'java/lang/ClassNotFoundException'{0x00000000c764f990}: org/springframework/beans/factory/AwareCustomizer> (0x00000000c764f990) 
thrown [e:\jenkins\tmp\workspace\build\src\src\hotspot\share\classfile\systemDictionary.cpp, line 256]
Event: 8.391 Thread 0x000002423d5f5ed0 Exception <a 'java/lang/ClassNotFoundException'{0x00000000c7656f40}: org/springframework/beans/factory/BeanNameAwareCustomizer> (0x00000000c7656f40) 
thrown [e:\jenkins\tmp\workspace\build\src\src\hotspot\share\classfile\systemDictionary.cpp, line 256]
Event: 8.392 Thread 0x000002423d5f5ed0 Exception <a 'java/lang/ClassNotFoundException'{0x00000000c765f450}: org/springframework/beans/factory/AwareCustomizer> (0x00000000c765f450) 
thrown [e:\jenkins\tmp\workspace\build\src\src\hotspot\share\classfile\systemDictionary.cpp, line 256]
Event: 8.393 Thread 0x000002423d5f5ed0 Exception <a 'java/lang/ClassNotFoundException'{0x00000000c7666a90}: org/springframework/beans/factory/InitializingBeanCustomizer> (0x00000000c7666a90) 
thrown [e:\jenkins\tmp\workspace\build\src\src\hotspot\share\classfile\systemDictionary.cpp, line 256]
Event: 8.395 Thread 0x000002423d5f5ed0 Exception <a 'java/lang/ClassNotFoundException'{0x00000000c766e898}: org/springframework/beans/factory/DisposableBeanCustomizer> (0x00000000c766e898) 
thrown [e:\jenkins\tmp\workspace\build\src\src\hotspot\share\classfile\systemDictionary.cpp, line 256]
Event: 8.397 Thread 0x000002423d5f5ed0 Exception <a 'java/lang/ClassNotFoundException'{0x00000000c7676a78}: org/springframework/orm/jpa/EntityManagerFactoryInfoCustomizer> (0x00000000c7676a78) 
thrown [e:\jenkins\tmp\workspace\build\src\src\hotspot\share\classfile\systemDictionary.cpp, line 256]
Event: 8.399 Thread 0x000002423d5f5ed0 Exception <a 'java/lang/ClassNotFoundException'{0x00000000c7688f18}: org/springframework/dao/support/PersistenceExceptionTranslatorCustomizer> (0x00000000c7688f18) 
thrown [e:\jenkins\tmp\workspace\build\src\src\hotspot\share\classfile\systemDictionary.cpp, line 256]
Event: 8.916 Thread 0x00000242569d4da0 Exception <a 'sun/net/ConnectionResetException'{0x00000000c91f8348}: Connection reset> (0x00000000c91f8348) 
thrown [e:\jenkins\tmp\workspace\build\src\src\hotspot\share\prims\jni.cpp, line 535]
Event: 9.238 Thread 0x00000242569d4da0 Exception <a 'sun/net/ConnectionResetException'{0x00000000c7712578}: Connection reset> (0x00000000c7712578) 
thrown [e:\jenkins\tmp\workspace\build\src\src\hotspot\share\prims\jni.cpp, line 535]

VM Operations (20 events):
Event: 7.153 Executing VM operation: HandshakeAllThreads
Event: 7.153 Executing VM operation: HandshakeAllThreads done
Event: 7.254 Executing VM operation: HandshakeAllThreads
Event: 7.254 Executing VM operation: HandshakeAllThreads done
Event: 7.390 Executing VM operation: ICBufferFull
Event: 7.390 Executing VM operation: ICBufferFull done
Event: 7.527 Executing VM operation: HandshakeAllThreads
Event: 7.527 Executing VM operation: HandshakeAllThreads done
Event: 7.620 Executing VM operation: G1CollectForAllocation
Event: 7.626 Executing VM operation: G1CollectForAllocation done
Event: 7.876 Executing VM operation: HandshakeAllThreads
Event: 7.876 Executing VM operation: HandshakeAllThreads done
Event: 7.877 Executing VM operation: HandshakeAllThreads
Event: 7.877 Executing VM operation: HandshakeAllThreads done
Event: 8.227 Executing VM operation: HandshakeAllThreads
Event: 8.227 Executing VM operation: HandshakeAllThreads done
Event: 8.307 Executing VM operation: G1CollectForAllocation
Event: 8.312 Executing VM operation: G1CollectForAllocation done
Event: 8.896 Executing VM operation: G1CollectForAllocation
Event: 8.908 Executing VM operation: G1CollectForAllocation done

Events (20 events):
Event: 8.920 loading class java/util/ImmutableCollections$Access$1
Event: 8.920 loading class jdk/internal/access/JavaUtilCollectionAccess
Event: 8.920 loading class jdk/internal/access/JavaUtilCollectionAccess done
Event: 8.921 loading class java/util/ImmutableCollections$Access$1 done
Event: 8.921 loading class java/util/stream/Nodes$SpinedNodeBuilder
Event: 8.921 loading class java/util/stream/Nodes$SpinedNodeBuilder done
Event: 8.922 loading class java/util/ResourceBundle$CacheKey
Event: 8.923 loading class java/util/ResourceBundle$CacheKey done
Event: 8.923 loading class java/util/ResourceBundle$KeyElementReference
Event: 8.923 loading class java/util/ResourceBundle$CacheKeyReference
Event: 8.923 loading class java/util/ResourceBundle$CacheKeyReference done
Event: 8.923 loading class java/util/ResourceBundle$KeyElementReference done
Event: 8.924 loading class java/util/ResourceBundle$Control$2
Event: 8.924 loading class java/util/ResourceBundle$Control$2 done
Event: 8.925 loading class java/util/ResourceBundle$BundleReference
Event: 8.925 loading class java/util/ResourceBundle$BundleReference done
Event: 8.928 loading class java/util/ResourceBundle$Control$1
Event: 8.928 loading class java/util/ResourceBundle$Control$1 done
Event: 9.136 loading class java/util/UUID$Holder
Event: 9.136 loading class java/util/UUID$Holder done


Dynamic libraries:
0x00007ff6f89d0000 - 0x00007ff6f89de000 	C:\sts-4.14.1.RELEASE\plugins\org.eclipse.justj.openjdk.hotspot.jre.full.win32.x86_64_17.0.2.v20220201-1208\jre\bin\javaw.exe
0x00007ffd2c450000 - 0x00007ffd2c648000 	C:\Windows\SYSTEM32\ntdll.dll
0x00007ffd2be40000 - 0x00007ffd2beff000 	C:\Windows\System32\KERNEL32.DLL
0x00007ffd29c50000 - 0x00007ffd29f22000 	C:\Windows\System32\KERNELBASE.dll
0x00007ffd29b50000 - 0x00007ffd29c50000 	C:\Windows\System32\ucrtbase.dll
0x00007ffd199c0000 - 0x00007ffd199d8000 	C:\sts-4.14.1.RELEASE\plugins\org.eclipse.justj.openjdk.hotspot.jre.full.win32.x86_64_17.0.2.v20220201-1208\jre\bin\jli.dll
0x00007ffd19610000 - 0x00007ffd19629000 	C:\sts-4.14.1.RELEASE\plugins\org.eclipse.justj.openjdk.hotspot.jre.full.win32.x86_64_17.0.2.v20220201-1208\jre\bin\VCRUNTIME140.dll
0x00007ffd2c230000 - 0x00007ffd2c3cd000 	C:\Windows\System32\USER32.dll
0x00007ffd2a270000 - 0x00007ffd2a292000 	C:\Windows\System32\win32u.dll
0x00007ffd14be0000 - 0x00007ffd14e7a000 	C:\Windows\WinSxS\amd64_microsoft.windows.common-controls_6595b64144ccf1df_6.0.19041.1110_none_60b5254171f9507e\COMCTL32.dll
0x00007ffd2b560000 - 0x00007ffd2b58b000 	C:\Windows\System32\GDI32.dll
0x00007ffd2a0e0000 - 0x00007ffd2a1ef000 	C:\Windows\System32\gdi32full.dll
0x00007ffd2a2a0000 - 0x00007ffd2a33d000 	C:\Windows\System32\msvcp_win.dll
0x00007ffd2b3a0000 - 0x00007ffd2b43e000 	C:\Windows\System32\msvcrt.dll
0x00007ffd2c3d0000 - 0x00007ffd2c402000 	C:\Windows\System32\IMM32.DLL
0x00007ffd0bd50000 - 0x00007ffd0bd5c000 	C:\sts-4.14.1.RELEASE\plugins\org.eclipse.justj.openjdk.hotspot.jre.full.win32.x86_64_17.0.2.v20220201-1208\jre\bin\vcruntime140_1.dll
0x00007ffce5050000 - 0x00007ffce50e1000 	C:\sts-4.14.1.RELEASE\plugins\org.eclipse.justj.openjdk.hotspot.jre.full.win32.x86_64_17.0.2.v20220201-1208\jre\bin\msvcp140.dll
0x00007ffccc100000 - 0x00007ffcccd47000 	C:\sts-4.14.1.RELEASE\plugins\org.eclipse.justj.openjdk.hotspot.jre.full.win32.x86_64_17.0.2.v20220201-1208\jre\bin\server\jvm.dll
0x00007ffd2bce0000 - 0x00007ffd2bd8e000 	C:\Windows\System32\ADVAPI32.dll
0x00007ffd2b300000 - 0x00007ffd2b39c000 	C:\Windows\System32\sechost.dll
0x00007ffd2aad0000 - 0x00007ffd2abf5000 	C:\Windows\System32\RPCRT4.dll
0x00007ffd2ad30000 - 0x00007ffd2ad38000 	C:\Windows\System32\PSAPI.DLL
0x00007ffd10020000 - 0x00007ffd10029000 	C:\Windows\SYSTEM32\WSOCK32.dll
0x00007ffd2c1c0000 - 0x00007ffd2c22b000 	C:\Windows\System32\WS2_32.dll
0x00007ffd24550000 - 0x00007ffd24577000 	C:\Windows\SYSTEM32\WINMM.dll
0x00007ffd21050000 - 0x00007ffd2105a000 	C:\Windows\SYSTEM32\VERSION.dll
0x00007ffd27bb0000 - 0x00007ffd27bc2000 	C:\Windows\SYSTEM32\kernel.appcore.dll
0x00007ffd09650000 - 0x00007ffd0965a000 	C:\sts-4.14.1.RELEASE\plugins\org.eclipse.justj.openjdk.hotspot.jre.full.win32.x86_64_17.0.2.v20220201-1208\jre\bin\jimage.dll
0x00007ffd278c0000 - 0x00007ffd27aa4000 	C:\Windows\SYSTEM32\DBGHELP.DLL
0x00007ffd244e0000 - 0x00007ffd2450c000 	C:\Windows\SYSTEM32\dbgcore.DLL
0x00007ffd29fa0000 - 0x00007ffd2a022000 	C:\Windows\System32\bcryptPrimitives.dll
0x00007ffce5010000 - 0x00007ffce504b000 	C:\sts-4.14.1.RELEASE\plugins\org.eclipse.justj.openjdk.hotspot.jre.full.win32.x86_64_17.0.2.v20220201-1208\jre\bin\jdwp.dll
0x00007ffd03890000 - 0x00007ffd0389e000 	C:\sts-4.14.1.RELEASE\plugins\org.eclipse.justj.openjdk.hotspot.jre.full.win32.x86_64_17.0.2.v20220201-1208\jre\bin\instrument.dll
0x00007ffce5550000 - 0x00007ffce5575000 	C:\sts-4.14.1.RELEASE\plugins\org.eclipse.justj.openjdk.hotspot.jre.full.win32.x86_64_17.0.2.v20220201-1208\jre\bin\java.dll
0x00007ffcfcc70000 - 0x00007ffcfcc88000 	C:\sts-4.14.1.RELEASE\plugins\org.eclipse.justj.openjdk.hotspot.jre.full.win32.x86_64_17.0.2.v20220201-1208\jre\bin\zip.dll
0x00007ffd2b590000 - 0x00007ffd2bcd3000 	C:\Windows\System32\SHELL32.dll
0x00007ffd27bd0000 - 0x00007ffd28362000 	C:\Windows\SYSTEM32\windows.storage.dll
0x00007ffd2adc0000 - 0x00007ffd2b114000 	C:\Windows\System32\combase.dll
0x00007ffd293f0000 - 0x00007ffd29420000 	C:\Windows\SYSTEM32\Wldp.dll
0x00007ffd2c030000 - 0x00007ffd2c0dd000 	C:\Windows\System32\SHCORE.dll
0x00007ffd2b140000 - 0x00007ffd2b195000 	C:\Windows\System32\shlwapi.dll
0x00007ffd29a90000 - 0x00007ffd29aaf000 	C:\Windows\SYSTEM32\profapi.dll
0x00007ffd03350000 - 0x00007ffd0335c000 	C:\sts-4.14.1.RELEASE\plugins\org.eclipse.justj.openjdk.hotspot.jre.full.win32.x86_64_17.0.2.v20220201-1208\jre\bin\dt_socket.dll
0x00007ffd28ee0000 - 0x00007ffd28f1b000 	C:\Windows\SYSTEM32\IPHLPAPI.DLL
0x00007ffd291d0000 - 0x00007ffd2923a000 	C:\Windows\system32\mswsock.dll
0x00007ffd28f20000 - 0x00007ffd28fea000 	C:\Windows\SYSTEM32\DNSAPI.dll
0x00007ffd2a4a0000 - 0x00007ffd2a4a8000 	C:\Windows\System32\NSI.dll
0x00007ffd21c00000 - 0x00007ffd21c0a000 	C:\Windows\System32\rasadhlp.dll
0x00007ffd190e0000 - 0x00007ffd19160000 	C:\Windows\System32\fwpuclnt.dll
0x00007ffd2a1f0000 - 0x00007ffd2a217000 	C:\Windows\System32\bcrypt.dll
0x00007ffcf87b0000 - 0x00007ffcf87c9000 	C:\sts-4.14.1.RELEASE\plugins\org.eclipse.justj.openjdk.hotspot.jre.full.win32.x86_64_17.0.2.v20220201-1208\jre\bin\net.dll
0x00007ffd19af0000 - 0x00007ffd19bfc000 	C:\Windows\SYSTEM32\WINHTTP.dll
0x00007ffcf84e0000 - 0x00007ffcf84f5000 	C:\sts-4.14.1.RELEASE\plugins\org.eclipse.justj.openjdk.hotspot.jre.full.win32.x86_64_17.0.2.v20220201-1208\jre\bin\nio.dll
0x00007ffd01120000 - 0x00007ffd01130000 	C:\sts-4.14.1.RELEASE\plugins\org.eclipse.justj.openjdk.hotspot.jre.full.win32.x86_64_17.0.2.v20220201-1208\jre\bin\verify.dll
0x00007ffd1a780000 - 0x00007ffd1a797000 	C:\Windows\SYSTEM32\dhcpcsvc6.DLL
0x00007ffd1fab0000 - 0x00007ffd1facd000 	C:\Windows\SYSTEM32\dhcpcsvc.DLL
0x00007ffcfd400000 - 0x00007ffcfd409000 	C:\sts-4.14.1.RELEASE\plugins\org.eclipse.justj.openjdk.hotspot.jre.full.win32.x86_64_17.0.2.v20220201-1208\jre\bin\management.dll
0x00007ffcfc9b0000 - 0x00007ffcfc9bb000 	C:\sts-4.14.1.RELEASE\plugins\org.eclipse.justj.openjdk.hotspot.jre.full.win32.x86_64_17.0.2.v20220201-1208\jre\bin\management_ext.dll
0x00007ffd1aa20000 - 0x00007ffd1aa37000 	C:\Windows\system32\napinsp.dll
0x00007ffd1aa00000 - 0x00007ffd1aa1b000 	C:\Windows\system32\pnrpnsp.dll
0x00007ffd24a70000 - 0x00007ffd24a85000 	C:\Windows\system32\wshbth.dll
0x00007ffd20df0000 - 0x00007ffd20e0d000 	C:\Windows\system32\NLAapi.dll
0x00007ffd1a9e0000 - 0x00007ffd1a9f2000 	C:\Windows\System32\winrnr.dll
0x00007ffd29430000 - 0x00007ffd29448000 	C:\Windows\SYSTEM32\CRYPTSP.dll
0x00007ffd28b10000 - 0x00007ffd28b44000 	C:\Windows\system32\rsaenh.dll
0x00007ffd29a10000 - 0x00007ffd29a3e000 	C:\Windows\SYSTEM32\USERENV.dll
0x00007ffd29360000 - 0x00007ffd2936c000 	C:\Windows\SYSTEM32\CRYPTBASE.dll
0x00007ffcfc940000 - 0x00007ffcfc94e000 	C:\sts-4.14.1.RELEASE\plugins\org.eclipse.justj.openjdk.hotspot.jre.full.win32.x86_64_17.0.2.v20220201-1208\jre\bin\sunmscapi.dll
0x00007ffd2a340000 - 0x00007ffd2a496000 	C:\Windows\System32\CRYPT32.dll
0x00007ffd29540000 - 0x00007ffd29567000 	C:\Windows\SYSTEM32\ncrypt.dll
0x00007ffd29500000 - 0x00007ffd2953b000 	C:\Windows\SYSTEM32\NTASN1.dll

dbghelp: loaded successfully - version: 4.0.5 - missing functions: none
symbol engine: initialized successfully - sym options: 0x614 - pdb path: .;C:\sts-4.14.1.RELEASE\plugins\org.eclipse.justj.openjdk.hotspot.jre.full.win32.x86_64_17.0.2.v20220201-1208\jre\bin;C:\Windows\SYSTEM32;C:\Windows\WinSxS\amd64_microsoft.windows.common-controls_6595b64144ccf1df_6.0.19041.1110_none_60b5254171f9507e;C:\sts-4.14.1.RELEASE\plugins\org.eclipse.justj.openjdk.hotspot.jre.full.win32.x86_64_17.0.2.v20220201-1208\jre\bin\server

VM Arguments:
jvm_args: -XX:+ShowCodeDetailsInExceptionMessages -agentlib:jdwp=transport=dt_socket,suspend=y,address=localhost:52609 -ea -javaagent:C:\sts-4.14.1.RELEASE\configuration\org.eclipse.osgi\265\0\.cp\lib\javaagent-shaded.jar -Dfile.encoding=UTF-8 
java_command: org.eclipse.jdt.internal.junit.runner.RemoteTestRunner -version 3 -port 52608 -testLoaderClass org.eclipse.jdt.internal.junit5.runner.JUnit5TestLoader -loaderpluginname org.eclipse.jdt.junit5.runtime -test jdev.mentoria.lojavirtual.TestePessoaUsuario:testCadPessoa
java_class_path (initial): C:\Users\edmil\git\loja_virtual_mentoria\loja_virtual_mentoria\target\test-classes;C:\Users\edmil\git\loja_virtual_mentoria\loja_virtual_mentoria\target\classes;C:\Users\edmil\.m2\repository\org\springframework\boot\spring-boot-starter-data-jpa\2.6.7\spring-boot-starter-data-jpa-2.6.7.jar;C:\Users\edmil\.m2\repository\org\springframework\boot\spring-boot-starter-aop\2.6.7\spring-boot-starter-aop-2.6.7.jar;C:\Users\edmil\.m2\repository\org\aspectj\aspectjweaver\1.9.7\aspectjweaver-1.9.7.jar;C:\Users\edmil\.m2\repository\org\springframework\boot\spring-boot-starter-jdbc\2.6.7\spring-boot-starter-jdbc-2.6.7.jar;C:\Users\edmil\.m2\repository\com\zaxxer\HikariCP\4.0.3\HikariCP-4.0.3.jar;C:\Users\edmil\.m2\repository\org\springframework\spring-jdbc\5.3.19\spring-jdbc-5.3.19.jar;C:\Users\edmil\.m2\repository\jakarta\transaction\jakarta.transaction-api\1.3.3\jakarta.transaction-api-1.3.3.jar;C:\Users\edmil\.m2\repository\jakarta\persistence\jakarta.persistence-api\2.2.3\jakarta.persistence-api-2.2.3.jar;C:\Users\edmil\.m2\repository\org\hibernate\hibernate-core\5.6.8.Final\hibernate-core-5.6.8.Final.jar;C:\Users\edmil\.m2\repository\org\jboss\logging\jboss-logging\3.4.3.Final\jboss-logging-3.4.3.Final.jar;C:\Users\edmil\.m2\repository\net\bytebuddy\byte-buddy\1.11.22\byte-buddy-1.11.22.jar;C:\Users\edmil\.m2\repository\antlr\antlr\2.7.7\antlr-2.7.7.jar;C:\Users\edmil\.m2\repository\org\jboss\jandex\2.4.2.Final\jandex-2.4.2.Final.jar;C:\Users\edmil\.m2\repository\com\fasterxml\classmate\1.5.1\classmate-1.5.1.jar;C:\Users\edmil\.m2\repository\org\hibernate\common\hibernate-commons-annotations\5.1.2.Final\hibernate-commons-annotations-5.1.2.Final.jar;C:\Users\edmil\.m2\repository\org\glassfish\jaxb\jaxb-runtime\2.3.6\jaxb-runtime-2.3.6.jar;C:\Users\edmil\.m2\repository\org\glassfish\jaxb\txw2\2.3.6\txw2-2.3.6.jar;C:\Users\edmil\.m2\repository\com\sun\istack\istack-commons-runtime\3.0.12\istack-commons-runtime-3.0.12.jar;C:\Users\edmil\.m2\repositor
Launcher Type: SUN_STANDARD

[Global flags]
     intx CICompilerCount                          = 3                                         {product} {ergonomic}
     uint ConcGCThreads                            = 1                                         {product} {ergonomic}
     uint G1ConcRefinementThreads                  = 4                                         {product} {ergonomic}
   size_t G1HeapRegionSize                         = 1048576                                   {product} {ergonomic}
    uintx GCDrainStackTargetSize                   = 64                                        {product} {ergonomic}
   size_t InitialHeapSize                          = 65011712                                  {product} {ergonomic}
   size_t MarkStackSize                            = 4194304                                   {product} {ergonomic}
   size_t MaxHeapSize                              = 1012924416                                {product} {ergonomic}
   size_t MaxNewSize                               = 607125504                                 {product} {ergonomic}
   size_t MinHeapDeltaBytes                        = 1048576                                   {product} {ergonomic}
   size_t MinHeapSize                              = 8388608                                   {product} {ergonomic}
    uintx NonNMethodCodeHeapSize                   = 5832780                                {pd product} {ergonomic}
    uintx NonProfiledCodeHeapSize                  = 122912730                              {pd product} {ergonomic}
    uintx ProfiledCodeHeapSize                     = 122912730                              {pd product} {ergonomic}
    uintx ReservedCodeCacheSize                    = 251658240                              {pd product} {ergonomic}
     bool SegmentedCodeCache                       = true                                      {product} {ergonomic}
     bool ShowCodeDetailsInExceptionMessages       = true                                   {manageable} {command line}
   size_t SoftMaxHeapSize                          = 1012924416                             {manageable} {ergonomic}
     bool UseCompressedClassPointers               = true                           {product lp64_product} {ergonomic}
     bool UseCompressedOops                        = true                           {product lp64_product} {ergonomic}
     bool UseG1GC                                  = true                                      {product} {ergonomic}
     bool UseLargePagesIndividualAllocation        = false                                  {pd product} {ergonomic}

Logging:
Log output configuration:
 #0: stdout all=warning uptime,level,tags
 #1: stderr all=off uptime,level,tags

Environment Variables:
PATH=C:\sts-4.14.1.RELEASE\plugins\org.eclipse.justj.openjdk.hotspot.jre.full.win32.x86_64_17.0.2.v20220201-1208\jre\bin;C:\Program Files\Java\jdk-16.0.1;%JAVA_HOME%\bin;C:\Program Files\Common Files\Oracle\Java\javapath;C:\Windows\system32;C:\Windows;C:\Windows\System32\Wbem;C:\Windows\System32\WindowsPowerShell\v1.0\;C:\Windows\System32\OpenSSH\;C:\Program Files\dotnet\;C:\apache-tomcat-10.0.6\bin;C:\Program Files\RabbitMQ Server\rabbitmq_server-3.11.4\sbin;C:\Users\edmil\AppData\Local\Microsoft\WindowsApps;;C:\Program Files\JetBrains\IntelliJ IDEA Community Edition 2022.2.3\bin;
USERNAME=edmil
OS=Windows_NT
PROCESSOR_IDENTIFIER=Intel64 Family 6 Model 126 Stepping 5, GenuineIntel



---------------  S Y S T E M  ---------------

OS:
 Windows 10 , 64 bit Build 19041 (10.0.19041.2251)
OS uptime: 6 days 9:59 hours
Hyper-V role detected

CPU: total 4 (initial active 4) (2 cores per cpu, 2 threads per core) family 6 model 126 stepping 5 microcode 0xb8, cx8, cmov, fxsr, ht, mmx, 3dnowpref, sse, sse2, sse3, ssse3, sse4.1, sse4.2, popcnt, lzcnt, tsc, tscinvbit, avx, avx2, aes, erms, clmul, bmi1, bmi2, adx, avx512f, avx512dq, avx512cd, avx512bw, avx512vl, sha, fma, vzeroupper, avx512_vpopcntdq, avx512_vpclmulqdq, avx512_vaes, avx512_vnni, clflush, clflushopt, avx512_vbmi2, avx512_vbmi, hv

Memory: 4k page, system-wide physical 3862M (171M free)
TotalPageFile size 15638M (AvailPageFile size 8M)
current process WorkingSet (physical memory assigned to process): 187M, peak: 200M
current process commit charge ("private bytes"): 240M, peak: 243M

vm_info: OpenJDK 64-Bit Server VM (17.0.2+8) for windows-amd64 JRE (17.0.2+8), built on Jan 20 2022 04:52:34 by "" with MS VC++ 16.7 (VS2019)

END.
