#
# There is insufficient memory for the Java Runtime Environment to continue.
# Native memory allocation (malloc) failed to allocate 2208464 bytes for Chunk::new
# Possible reasons:
#   The system is out of physical RAM or swap space
#   The process is running with CompressedOops enabled, and the Java Heap may be blocking the growth of the native heap
# Possible solutions:
#   Reduce memory load on the system
#   Increase physical memory or swap space
#   Check if swap backing store is full
#   Decrease Java heap size (-Xmx/-Xms)
#   Decrease number of Java threads
#   Decrease Java thread stack sizes (-Xss)
#   Set larger code cache with -XX:ReservedCodeCacheSize=
#   JVM is running with Unscaled Compressed Oops mode in which the Java heap is
#     placed in the first 4GB address space. The Java Heap base address is the
#     maximum limit for the native heap growth. Please use -XX:HeapBaseMinAddress
#     to set the Java Heap base and to place the Java Heap above 4GB virtual address.
# This output file may be truncated or incomplete.
#
#  Out of Memory Error (arena.cpp:189), pid=15504, tid=17328
#
# JRE version: OpenJDK Runtime Environment Temurin-17.0.2+8 (17.0.2+8) (build 17.0.2+8)
# Java VM: OpenJDK 64-Bit Server VM Temurin-17.0.2+8 (17.0.2+8, mixed mode, tiered, compressed oops, compressed class ptrs, g1 gc, windows-amd64)
# No core dump will be written. Minidumps are not enabled by default on client versions of Windows
#

---------------  S U M M A R Y ------------

Command Line: -XX:+ShowCodeDetailsInExceptionMessages -agentlib:jdwp=transport=dt_socket,suspend=y,address=localhost:57229 -ea -javaagent:C:\sts-4.14.1.RELEASE\configuration\org.eclipse.osgi\265\0\.cp\lib\javaagent-shaded.jar -Dfile.encoding=UTF-8 org.eclipse.jdt.internal.junit.runner.RemoteTestRunner -version 3 -port 57228 -testLoaderClass org.eclipse.jdt.internal.junit5.runner.JUnit5TestLoader -loaderpluginname org.eclipse.jdt.junit5.runtime -test jdev.mentoria.lojavirtual.TestePessoaUsuario:testCadPessoa

Host: Intel(R) Core(TM) i3-1005G1 CPU @ 1.20GHz, 4 cores, 3G,  Windows 10 , 64 bit Build 19041 (10.0.19041.2251)
Time: Wed Jun 28 19:46:53 2023 Hora Padrão da Bahia elapsed time: 10.656795 seconds (0d 0h 0m 10s)

---------------  T H R E A D  ---------------

Current thread (0x00000240296e5df0):  JavaThread "C2 CompilerThread0" daemon [_thread_in_native, id=17328, stack(0x000000e697700000,0x000000e697800000)]


Current CompileTask:
C2:  10657 5064       4       org.eclipse.jdt.launching.internal.org.objectweb.asm.ClassReader::accept (1412 bytes)

Stack: [0x000000e697700000,0x000000e697800000]
Native frames: (J=compiled Java code, j=interpreted, Vv=VM code, C=native code)
V  [jvm.dll+0x67564a]
V  [jvm.dll+0x82fc04]
V  [jvm.dll+0x8313ae]
V  [jvm.dll+0x831a13]
V  [jvm.dll+0x245235]
V  [jvm.dll+0xabd7b]
V  [jvm.dll+0xac30c]
V  [jvm.dll+0x3631f7]
V  [jvm.dll+0x32d891]
V  [jvm.dll+0x32cd3a]
V  [jvm.dll+0x2180d1]
V  [jvm.dll+0x2174f1]
V  [jvm.dll+0x1a3a8d]
V  [jvm.dll+0x226ef8]
V  [jvm.dll+0x22503c]
V  [jvm.dll+0x7e596b]
V  [jvm.dll+0x7dff2a]
V  [jvm.dll+0x6744d5]
C  [ucrtbase.dll+0x21bb2]
C  [KERNEL32.DLL+0x174b4]
C  [ntdll.dll+0x526a1]


---------------  P R O C E S S  ---------------

Threads class SMR info:
_java_thread_list=0x000002402e4d1060, length=19, elements={
0x0000024012764b00, 0x00000240296a0500, 0x00000240296a3070, 0x00000240296c4030,
0x00000240296c48f0, 0x00000240296c5950, 0x00000240296e27b0, 0x00000240296e5df0,
0x000002402973dbf0, 0x000002402974e900, 0x000002402a23dff0, 0x000002402a4157b0,
0x000002402a370c90, 0x000002402a371180, 0x000002402a4da4a0, 0x000002402a88ce60,
0x000002402bc5c040, 0x000002402e2c9010, 0x000002402e2c94e0
}

Java Threads: ( => current thread )
  0x0000024012764b00 JavaThread "main" [_thread_in_Java, id=1684, stack(0x000000e696a00000,0x000000e696b00000)]
  0x00000240296a0500 JavaThread "Reference Handler" daemon [_thread_blocked, id=5992, stack(0x000000e697100000,0x000000e697200000)]
  0x00000240296a3070 JavaThread "Finalizer" daemon [_thread_blocked, id=11268, stack(0x000000e697200000,0x000000e697300000)]
  0x00000240296c4030 JavaThread "Signal Dispatcher" daemon [_thread_blocked, id=18008, stack(0x000000e697300000,0x000000e697400000)]
  0x00000240296c48f0 JavaThread "Attach Listener" daemon [_thread_blocked, id=20296, stack(0x000000e697400000,0x000000e697500000)]
  0x00000240296c5950 JavaThread "Service Thread" daemon [_thread_blocked, id=13280, stack(0x000000e697500000,0x000000e697600000)]
  0x00000240296e27b0 JavaThread "Monitor Deflation Thread" daemon [_thread_blocked, id=16756, stack(0x000000e697600000,0x000000e697700000)]
=>0x00000240296e5df0 JavaThread "C2 CompilerThread0" daemon [_thread_in_native, id=17328, stack(0x000000e697700000,0x000000e697800000)]
  0x000002402973dbf0 JavaThread "C1 CompilerThread0" daemon [_thread_blocked, id=2112, stack(0x000000e697800000,0x000000e697900000)]
  0x000002402974e900 JavaThread "Sweeper thread" daemon [_thread_blocked, id=1044, stack(0x000000e697900000,0x000000e697a00000)]
  0x000002402a23dff0 JavaThread "Common-Cleaner" daemon [_thread_blocked, id=15744, stack(0x000000e697a00000,0x000000e697b00000)]
  0x000002402a4157b0 JavaThread "JDWP Transport Listener: dt_socket" daemon [_thread_blocked, id=12028, stack(0x000000e697c00000,0x000000e697d00000)]
  0x000002402a370c90 JavaThread "JDWP Event Helper Thread" daemon [_thread_blocked, id=19532, stack(0x000000e697d00000,0x000000e697e00000)]
  0x000002402a371180 JavaThread "JDWP Command Reader" daemon [_thread_in_native, id=16660, stack(0x000000e697e00000,0x000000e697f00000)]
  0x000002402a4da4a0 JavaThread "Notification Thread" daemon [_thread_blocked, id=16580, stack(0x000000e697f00000,0x000000e698000000)]
  0x000002402a88ce60 JavaThread "ReaderThread" [_thread_in_native, id=10464, stack(0x000000e698400000,0x000000e698500000)]
  0x000002402bc5c040 JavaThread "mysql-cj-abandoned-connection-cleanup" daemon [_thread_blocked, id=17416, stack(0x000000e698500000,0x000000e698600000)]
  0x000002402e2c9010 JavaThread "HikariPool-1 housekeeper" daemon [_thread_blocked, id=19492, stack(0x000000e698700000,0x000000e698800000)]
  0x000002402e2c94e0 JavaThread "HikariPool-1 connection adder" daemon [_thread_blocked, id=14284, stack(0x000000e698800000,0x000000e698900000)]

Other Threads:
  0x0000024012818a70 VMThread "VM Thread" [stack: 0x000000e697000000,0x000000e697100000] [id=9776]
  0x000002402a918040 WatcherThread [stack: 0x000000e698000000,0x000000e698100000] [id=20024]
  0x00000240127912d0 GCTaskThread "GC Thread#0" [stack: 0x000000e696b00000,0x000000e696c00000] [id=10052]
  0x000002402bce0040 GCTaskThread "GC Thread#1" [stack: 0x000000e698100000,0x000000e698200000] [id=10656]
  0x000002402ad4f2d0 GCTaskThread "GC Thread#2" [stack: 0x000000e698200000,0x000000e698300000] [id=5936]
  0x000002402a8c3a40 GCTaskThread "GC Thread#3" [stack: 0x000000e698300000,0x000000e698400000] [id=19684]
  0x000002401279a9f0 ConcurrentGCThread "G1 Main Marker" [stack: 0x000000e696c00000,0x000000e696d00000] [id=17920]
  0x000002401279b310 ConcurrentGCThread "G1 Conc#0" [stack: 0x000000e696d00000,0x000000e696e00000] [id=3592]
  0x00000240127d8c80 ConcurrentGCThread "G1 Refine#0" [stack: 0x000000e696e00000,0x000000e696f00000] [id=14368]
  0x00000240127d95b0 ConcurrentGCThread "G1 Service" [stack: 0x000000e696f00000,0x000000e697000000] [id=19328]

Threads with active compile tasks:
C2 CompilerThread0    10687 5064       4       org.eclipse.jdt.launching.internal.org.objectweb.asm.ClassReader::accept (1412 bytes)
C1 CompilerThread0    10687 5156       2       net.bytebuddy.description.type.TypeDescription$Generic$LazyProjection$ForLoadedReturnType::asErasure (11 bytes)

VM state: not at safepoint (normal execution)

VM Mutex/Monitor currently owned by a thread:  ([mutex/lock_event])
[0x000002401275d8a0] Module_lock - owner thread: 0x0000000000000000

Heap address: 0x00000000c3a00000, size: 966 MB, Compressed Oops mode: 32-bit

CDS archive(s) not mapped
Compressed class space mapped at: 0x0000000100000000-0x0000000140000000, reserved size: 1073741824
Narrow klass base: 0x0000000000000000, Narrow klass shift: 3, Narrow klass range: 0x140000000

GC Precious Log:
 CPUs: 4 total, 4 available
 Memory: 3862M
 Large Page Support: Disabled
 NUMA Support: Disabled
 Compressed Oops: Enabled (32-bit)
 Heap Region Size: 1M
 Heap Min Capacity: 8M
 Heap Initial Capacity: 62M
 Heap Max Capacity: 966M
 Pre-touch: Disabled
 Parallel Workers: 4
 Concurrent Workers: 1
 Concurrent Refinement Workers: 4
 Periodic GC: Disabled

Heap:
 garbage-first heap   total 61440K, used 30072K [0x00000000c3a00000, 0x0000000100000000)
  region size 1024K, 9 young (9216K), 2 survivors (2048K)
 Metaspace       used 58073K, committed 58432K, reserved 1105920K
  class space    used 7400K, committed 7552K, reserved 1048576K

Heap Regions: E=young(eden), S=young(survivor), O=old, HS=humongous(starts), HC=humongous(continues), CS=collection set, F=free, OA=open archive, CA=closed archive, TAMS=top-at-mark-start (previous, next)
|   0|0x00000000c3a00000, 0x00000000c3b00000, 0x00000000c3b00000|100%|HS|  |TAMS 0x00000000c3b00000, 0x00000000c3a00000| Complete 
|   1|0x00000000c3b00000, 0x00000000c3c00000, 0x00000000c3c00000|100%| O|  |TAMS 0x00000000c3c00000, 0x00000000c3b00000| Untracked 
|   2|0x00000000c3c00000, 0x00000000c3d00000, 0x00000000c3d00000|100%| O|  |TAMS 0x00000000c3d00000, 0x00000000c3c00000| Untracked 
|   3|0x00000000c3d00000, 0x00000000c3e00000, 0x00000000c3e00000|100%| O|  |TAMS 0x00000000c3e00000, 0x00000000c3d00000| Untracked 
|   4|0x00000000c3e00000, 0x00000000c3f00000, 0x00000000c3f00000|100%| O|  |TAMS 0x00000000c3f00000, 0x00000000c3e00000| Untracked 
|   5|0x00000000c3f00000, 0x00000000c4000000, 0x00000000c4000000|100%| O|  |TAMS 0x00000000c4000000, 0x00000000c3f00000| Untracked 
|   6|0x00000000c4000000, 0x00000000c4100000, 0x00000000c4100000|100%| O|  |TAMS 0x00000000c4100000, 0x00000000c4000000| Untracked 
|   7|0x00000000c4100000, 0x00000000c4200000, 0x00000000c4200000|100%| O|  |TAMS 0x00000000c4200000, 0x00000000c4100000| Untracked 
|   8|0x00000000c4200000, 0x00000000c4300000, 0x00000000c4300000|100%| O|  |TAMS 0x00000000c4300000, 0x00000000c4200000| Untracked 
|   9|0x00000000c4300000, 0x00000000c4400000, 0x00000000c4400000|100%| O|  |TAMS 0x00000000c4400000, 0x00000000c4300000| Untracked 
|  10|0x00000000c4400000, 0x00000000c4500000, 0x00000000c4500000|100%| O|  |TAMS 0x00000000c4500000, 0x00000000c4400000| Untracked 
|  11|0x00000000c4500000, 0x00000000c4600000, 0x00000000c4600000|100%| O|  |TAMS 0x00000000c4600000, 0x00000000c4500000| Untracked 
|  12|0x00000000c4600000, 0x00000000c4700000, 0x00000000c4700000|100%| O|  |TAMS 0x00000000c4700000, 0x00000000c4600000| Untracked 
|  13|0x00000000c4700000, 0x00000000c4722400, 0x00000000c4800000| 13%| O|  |TAMS 0x00000000c4722400, 0x00000000c4700000| Untracked 
|  14|0x00000000c4800000, 0x00000000c4900000, 0x00000000c4900000|100%| O|  |TAMS 0x00000000c4800000, 0x00000000c4800000| Untracked 
|  15|0x00000000c4900000, 0x00000000c4a00000, 0x00000000c4a00000|100%| O|  |TAMS 0x00000000c4900000, 0x00000000c4900000| Untracked 
|  16|0x00000000c4a00000, 0x00000000c4b00000, 0x00000000c4b00000|100%| O|  |TAMS 0x00000000c4a00000, 0x00000000c4a00000| Untracked 
|  17|0x00000000c4b00000, 0x00000000c4c00000, 0x00000000c4c00000|100%| O|  |TAMS 0x00000000c4b00000, 0x00000000c4b00000| Untracked 
|  18|0x00000000c4c00000, 0x00000000c4d00000, 0x00000000c4d00000|100%| O|  |TAMS 0x00000000c4c00000, 0x00000000c4c00000| Untracked 
|  19|0x00000000c4d00000, 0x00000000c4e00000, 0x00000000c4e00000|100%| O|  |TAMS 0x00000000c4d00000, 0x00000000c4d00000| Untracked 
|  20|0x00000000c4e00000, 0x00000000c4f00000, 0x00000000c4f00000|100%| O|  |TAMS 0x00000000c4e00000, 0x00000000c4e00000| Untracked 
|  21|0x00000000c4f00000, 0x00000000c5000000, 0x00000000c5000000|100%| O|  |TAMS 0x00000000c4f00000, 0x00000000c4f00000| Untracked 
|  22|0x00000000c5000000, 0x00000000c5100000, 0x00000000c5100000|100%| O|  |TAMS 0x00000000c5000000, 0x00000000c5000000| Untracked 
|  23|0x00000000c5100000, 0x00000000c513be00, 0x00000000c5200000| 23%| O|  |TAMS 0x00000000c5100000, 0x00000000c5100000| Untracked 
|  24|0x00000000c5200000, 0x00000000c5200000, 0x00000000c5300000|  0%| F|  |TAMS 0x00000000c5200000, 0x00000000c5200000| Untracked 
|  25|0x00000000c5300000, 0x00000000c5300000, 0x00000000c5400000|  0%| F|  |TAMS 0x00000000c5300000, 0x00000000c5300000| Untracked 
|  26|0x00000000c5400000, 0x00000000c5400000, 0x00000000c5500000|  0%| F|  |TAMS 0x00000000c5400000, 0x00000000c5400000| Untracked 
|  27|0x00000000c5500000, 0x00000000c5500000, 0x00000000c5600000|  0%| F|  |TAMS 0x00000000c5500000, 0x00000000c5500000| Untracked 
|  28|0x00000000c5600000, 0x00000000c5600000, 0x00000000c5700000|  0%| F|  |TAMS 0x00000000c5600000, 0x00000000c5600000| Untracked 
|  29|0x00000000c5700000, 0x00000000c5700000, 0x00000000c5800000|  0%| F|  |TAMS 0x00000000c5700000, 0x00000000c5700000| Untracked 
|  30|0x00000000c5800000, 0x00000000c5800000, 0x00000000c5900000|  0%| F|  |TAMS 0x00000000c5800000, 0x00000000c5800000| Untracked 
|  31|0x00000000c5900000, 0x00000000c5900000, 0x00000000c5a00000|  0%| F|  |TAMS 0x00000000c5900000, 0x00000000c5900000| Untracked 
|  32|0x00000000c5a00000, 0x00000000c5b00000, 0x00000000c5b00000|100%| S|CS|TAMS 0x00000000c5a00000, 0x00000000c5a00000| Complete 
|  33|0x00000000c5b00000, 0x00000000c5c00000, 0x00000000c5c00000|100%| S|CS|TAMS 0x00000000c5b00000, 0x00000000c5b00000| Complete 
|  34|0x00000000c5c00000, 0x00000000c5c00000, 0x00000000c5d00000|  0%| F|  |TAMS 0x00000000c5c00000, 0x00000000c5c00000| Untracked 
|  35|0x00000000c5d00000, 0x00000000c5d00000, 0x00000000c5e00000|  0%| F|  |TAMS 0x00000000c5d00000, 0x00000000c5d00000| Untracked 
|  36|0x00000000c5e00000, 0x00000000c5e00000, 0x00000000c5f00000|  0%| F|  |TAMS 0x00000000c5e00000, 0x00000000c5e00000| Untracked 
|  37|0x00000000c5f00000, 0x00000000c5f00000, 0x00000000c6000000|  0%| F|  |TAMS 0x00000000c5f00000, 0x00000000c5f00000| Untracked 
|  38|0x00000000c6000000, 0x00000000c6000000, 0x00000000c6100000|  0%| F|  |TAMS 0x00000000c6000000, 0x00000000c6000000| Untracked 
|  39|0x00000000c6100000, 0x00000000c6100000, 0x00000000c6200000|  0%| F|  |TAMS 0x00000000c6100000, 0x00000000c6100000| Untracked 
|  40|0x00000000c6200000, 0x00000000c6200000, 0x00000000c6300000|  0%| F|  |TAMS 0x00000000c6200000, 0x00000000c6200000| Untracked 
|  41|0x00000000c6300000, 0x00000000c6300000, 0x00000000c6400000|  0%| F|  |TAMS 0x00000000c6300000, 0x00000000c6300000| Untracked 
|  42|0x00000000c6400000, 0x00000000c6400000, 0x00000000c6500000|  0%| F|  |TAMS 0x00000000c6400000, 0x00000000c6400000| Untracked 
|  43|0x00000000c6500000, 0x00000000c6500000, 0x00000000c6600000|  0%| F|  |TAMS 0x00000000c6500000, 0x00000000c6500000| Untracked 
|  44|0x00000000c6600000, 0x00000000c6600000, 0x00000000c6700000|  0%| F|  |TAMS 0x00000000c6600000, 0x00000000c6600000| Untracked 
|  45|0x00000000c6700000, 0x00000000c6700000, 0x00000000c6800000|  0%| F|  |TAMS 0x00000000c6700000, 0x00000000c6700000| Untracked 
|  46|0x00000000c6800000, 0x00000000c6800000, 0x00000000c6900000|  0%| F|  |TAMS 0x00000000c6800000, 0x00000000c6800000| Untracked 
|  47|0x00000000c6900000, 0x00000000c6900000, 0x00000000c6a00000|  0%| F|  |TAMS 0x00000000c6900000, 0x00000000c6900000| Untracked 
|  48|0x00000000c6a00000, 0x00000000c6a00000, 0x00000000c6b00000|  0%| F|  |TAMS 0x00000000c6a00000, 0x00000000c6a00000| Untracked 
|  49|0x00000000c6b00000, 0x00000000c6b00000, 0x00000000c6c00000|  0%| F|  |TAMS 0x00000000c6b00000, 0x00000000c6b00000| Untracked 
|  50|0x00000000c6c00000, 0x00000000c6c00000, 0x00000000c6d00000|  0%| F|  |TAMS 0x00000000c6c00000, 0x00000000c6c00000| Untracked 
|  51|0x00000000c6d00000, 0x00000000c6d00000, 0x00000000c6e00000|  0%| F|  |TAMS 0x00000000c6d00000, 0x00000000c6d00000| Untracked 
|  52|0x00000000c6e00000, 0x00000000c6e00000, 0x00000000c6f00000|  0%| F|  |TAMS 0x00000000c6e00000, 0x00000000c6e00000| Untracked 
|  53|0x00000000c6f00000, 0x00000000c6ffac40, 0x00000000c7000000| 97%| E|  |TAMS 0x00000000c6f00000, 0x00000000c6f00000| Complete 
|  54|0x00000000c7000000, 0x00000000c7100000, 0x00000000c7100000|100%| E|CS|TAMS 0x00000000c7000000, 0x00000000c7000000| Complete 
|  55|0x00000000c7100000, 0x00000000c7200000, 0x00000000c7200000|100%| E|CS|TAMS 0x00000000c7100000, 0x00000000c7100000| Complete 
|  58|0x00000000c7400000, 0x00000000c7500000, 0x00000000c7500000|100%| E|CS|TAMS 0x00000000c7400000, 0x00000000c7400000| Complete 
|  59|0x00000000c7500000, 0x00000000c7600000, 0x00000000c7600000|100%| E|  |TAMS 0x00000000c7500000, 0x00000000c7500000| Complete 
|  60|0x00000000c7600000, 0x00000000c7700000, 0x00000000c7700000|100%| E|CS|TAMS 0x00000000c7600000, 0x00000000c7600000| Complete 
|  87|0x00000000c9100000, 0x00000000c9200000, 0x00000000c9200000|100%| E|CS|TAMS 0x00000000c9100000, 0x00000000c9100000| Complete 

Card table byte_map: [0x0000024025000000,0x00000240251f0000] _byte_map_base: 0x00000240249e3000

Marking Bits (Prev, Next): (CMBitMap*) 0x00000240127917f0, (CMBitMap*) 0x0000024012791830
 Prev Bits: [0x00000240253e0000, 0x00000240262f8000)
 Next Bits: [0x0000024026300000, 0x0000024027218000)

Polling page: 0x0000024011f30000

Metaspace:

Usage:
  Non-class:     49.49 MB used.
      Class:      7.23 MB used.
       Both:     56.72 MB used.

Virtual space:
  Non-class space:       56.00 MB reserved,      49.69 MB ( 89%) committed,  7 nodes.
      Class space:        1.00 GB reserved,       7.38 MB ( <1%) committed,  1 nodes.
             Both:        1.05 GB reserved,      57.06 MB (  5%) committed. 

Chunk freelists:
   Non-Class:  1.78 MB
       Class:  665.00 KB
        Both:  2.43 MB

MaxMetaspaceSize: unlimited
CompressedClassSpaceSize: 1.00 GB
Initial GC threshold: 21.00 MB
Current GC threshold: 58.88 MB
CDS: off
MetaspaceReclaimPolicy: balanced
 - commit_granule_bytes: 65536.
 - commit_granule_words: 8192.
 - virtual_space_node_default_size: 1048576.
 - enlarge_chunks_in_place: 1.
 - new_chunks_are_fully_committed: 0.
 - uncommit_free_chunks: 1.
 - use_allocation_guard: 0.
 - handle_deallocations: 1.


Internal statistics:

num_allocs_failed_limit: 6.
num_arena_births: 424.
num_arena_deaths: 0.
num_vsnodes_births: 8.
num_vsnodes_deaths: 0.
num_space_committed: 913.
num_space_uncommitted: 0.
num_chunks_returned_to_freelist: 6.
num_chunks_taken_from_freelist: 2194.
num_chunk_merges: 3.
num_chunk_splits: 1526.
num_chunks_enlarged: 1195.
num_purges: 0.
num_inconsistent_stats: 0.

CodeHeap 'non-profiled nmethods': size=120000Kb used=2750Kb max_used=2750Kb free=117249Kb
 bounds [0x000002401d8e0000, 0x000002401db90000, 0x0000024024e10000]
CodeHeap 'profiled nmethods': size=120000Kb used=10107Kb max_used=10107Kb free=109892Kb
 bounds [0x00000240163b0000, 0x0000024016d90000, 0x000002401d8e0000]
CodeHeap 'non-nmethods': size=5760Kb used=1353Kb max_used=1394Kb free=4406Kb
 bounds [0x0000024015e10000, 0x0000024016080000, 0x00000240163b0000]
 total_blobs=5677 nmethods=5089 adapters=498
 compilation: enabled
              stopped_count=0, restarted_count=0
 full_count=0

Compilation events (20 events):
Event: 10.581 Thread 0x000002402973dbf0 5114       2       net.bytebuddy.description.method.MethodDescription$ForLoadedMethod::getParameters (60 bytes)
Event: 10.581 Thread 0x000002402973dbf0 nmethod 5114 0x0000024016d7fb90 code [0x0000024016d7fd60, 0x0000024016d80218]
Event: 10.600 Thread 0x000002402973dbf0 5115       2       net.bytebuddy.description.method.MethodDescription$TypeToken::hashCode (70 bytes)
Event: 10.600 Thread 0x000002402973dbf0 nmethod 5115 0x0000024016d80410 code [0x0000024016d805c0, 0x0000024016d80798]
Event: 10.600 Thread 0x000002402973dbf0 5117       2       net.bytebuddy.description.type.TypeDescription$AbstractBase::equals (60 bytes)
Event: 10.600 Thread 0x000002402973dbf0 nmethod 5117 0x0000024016d80890 code [0x0000024016d80a80, 0x0000024016d80dc8]
Event: 10.618 Thread 0x000002402973dbf0 5118       2       net.bytebuddy.matcher.MethodSortMatcher::matches (9 bytes)
Event: 10.618 Thread 0x000002402973dbf0 nmethod 5118 0x0000024016d80f10 code [0x0000024016d810c0, 0x0000024016d81268]
Event: 10.618 Thread 0x000002402973dbf0 5119       2       net.bytebuddy.matcher.MethodSortMatcher::matches (9 bytes)
Event: 10.618 Thread 0x000002402973dbf0 nmethod 5119 0x0000024016d81390 code [0x0000024016d81520, 0x0000024016d81668]
Event: 10.624 Thread 0x000002402973dbf0 5120       2       java.util.Random::nextInt (74 bytes)
Event: 10.624 Thread 0x000002402973dbf0 nmethod 5120 0x0000024016d81710 code [0x0000024016d818e0, 0x0000024016d81c08]
Event: 10.629 Thread 0x000002402973dbf0 5121       2       net.bytebuddy.description.type.TypeList$Generic$AbstractBase::<init> (5 bytes)
Event: 10.629 Thread 0x000002402973dbf0 nmethod 5121 0x0000024016d81d90 code [0x0000024016d81f20, 0x0000024016d82038]
Event: 10.635 Thread 0x000002402973dbf0 5122       2       net.bytebuddy.matcher.NegatingMatcher::matches (19 bytes)
Event: 10.635 Thread 0x000002402973dbf0 nmethod 5122 0x0000024016d82110 code [0x0000024016d822a0, 0x0000024016d823e8]
Event: 10.642 Thread 0x000002402973dbf0 5123       2       net.bytebuddy.description.method.MethodDescription$ForLoadedMethod::getReturnType (35 bytes)
Event: 10.643 Thread 0x000002402973dbf0 nmethod 5123 0x0000024016d82490 code [0x0000024016d82620, 0x0000024016d82818]
Event: 10.643 Thread 0x000002402973dbf0 5124       2       net.bytebuddy.description.type.TypeDescription$Generic$LazyProjection$ForLoadedReturnType::<init> (10 bytes)
Event: 10.643 Thread 0x000002402973dbf0 nmethod 5124 0x0000024016d82910 code [0x0000024016d82aa0, 0x0000024016d82bf8]

GC Heap History (20 events):
Event: 5.558 GC heap before
{Heap before GC invocations=14 (full 0):
 garbage-first heap   total 90112K, used 41847K [0x00000000c3a00000, 0x0000000100000000)
  region size 1024K, 29 young (29696K), 2 survivors (2048K)
 Metaspace       used 35807K, committed 36096K, reserved 1081344K
  class space    used 4213K, committed 4352K, reserved 1048576K
}
Event: 5.561 GC heap after
{Heap after GC invocations=15 (full 0):
 garbage-first heap   total 90112K, used 16034K [0x00000000c3a00000, 0x0000000100000000)
  region size 1024K, 3 young (3072K), 3 survivors (3072K)
 Metaspace       used 35807K, committed 36096K, reserved 1081344K
  class space    used 4213K, committed 4352K, reserved 1048576K
}
Event: 6.104 GC heap before
{Heap before GC invocations=16 (full 0):
 garbage-first heap   total 61440K, used 49826K [0x00000000c3a00000, 0x0000000100000000)
  region size 1024K, 36 young (36864K), 3 survivors (3072K)
 Metaspace       used 38009K, committed 38336K, reserved 1089536K
  class space    used 4517K, committed 4672K, reserved 1048576K
}
Event: 6.108 GC heap after
{Heap after GC invocations=17 (full 0):
 garbage-first heap   total 61440K, used 17086K [0x00000000c3a00000, 0x0000000100000000)
  region size 1024K, 4 young (4096K), 4 survivors (4096K)
 Metaspace       used 38009K, committed 38336K, reserved 1089536K
  class space    used 4517K, committed 4672K, reserved 1048576K
}
Event: 6.794 GC heap before
{Heap before GC invocations=17 (full 0):
 garbage-first heap   total 61440K, used 49854K [0x00000000c3a00000, 0x0000000100000000)
  region size 1024K, 36 young (36864K), 4 survivors (4096K)
 Metaspace       used 40320K, committed 40640K, reserved 1089536K
  class space    used 4847K, committed 4992K, reserved 1048576K
}
Event: 6.799 GC heap after
{Heap after GC invocations=18 (full 0):
 garbage-first heap   total 61440K, used 18541K [0x00000000c3a00000, 0x0000000100000000)
  region size 1024K, 4 young (4096K), 4 survivors (4096K)
 Metaspace       used 40320K, committed 40640K, reserved 1089536K
  class space    used 4847K, committed 4992K, reserved 1048576K
}
Event: 7.525 GC heap before
{Heap before GC invocations=18 (full 0):
 garbage-first heap   total 61440K, used 48237K [0x00000000c3a00000, 0x0000000100000000)
  region size 1024K, 34 young (34816K), 4 survivors (4096K)
 Metaspace       used 42827K, committed 43136K, reserved 1089536K
  class space    used 5210K, committed 5376K, reserved 1048576K
}
Event: 7.531 GC heap after
{Heap after GC invocations=19 (full 0):
 garbage-first heap   total 61440K, used 20298K [0x00000000c3a00000, 0x0000000100000000)
  region size 1024K, 4 young (4096K), 4 survivors (4096K)
 Metaspace       used 42827K, committed 43136K, reserved 1089536K
  class space    used 5210K, committed 5376K, reserved 1048576K
}
Event: 8.480 GC heap before
{Heap before GC invocations=19 (full 0):
 garbage-first heap   total 61440K, used 46922K [0x00000000c3a00000, 0x0000000100000000)
  region size 1024K, 31 young (31744K), 4 survivors (4096K)
 Metaspace       used 45648K, committed 46016K, reserved 1089536K
  class space    used 5513K, committed 5696K, reserved 1048576K
}
Event: 8.486 GC heap after
{Heap after GC invocations=20 (full 0):
 garbage-first heap   total 61440K, used 22103K [0x00000000c3a00000, 0x0000000100000000)
  region size 1024K, 4 young (4096K), 4 survivors (4096K)
 Metaspace       used 45648K, committed 46016K, reserved 1089536K
  class space    used 5513K, committed 5696K, reserved 1048576K
}
Event: 8.941 GC heap before
{Heap before GC invocations=20 (full 0):
 garbage-first heap   total 61440K, used 46679K [0x00000000c3a00000, 0x0000000100000000)
  region size 1024K, 29 young (29696K), 4 survivors (4096K)
 Metaspace       used 47919K, committed 48256K, reserved 1097728K
  class space    used 5806K, committed 5952K, reserved 1048576K
}
Event: 8.946 GC heap after
{Heap after GC invocations=21 (full 0):
 garbage-first heap   total 61440K, used 22528K [0x00000000c3a00000, 0x0000000100000000)
  region size 1024K, 3 young (3072K), 3 survivors (3072K)
 Metaspace       used 47919K, committed 48256K, reserved 1097728K
  class space    used 5806K, committed 5952K, reserved 1048576K
}
Event: 9.443 GC heap before
{Heap before GC invocations=21 (full 0):
 garbage-first heap   total 61440K, used 48128K [0x00000000c3a00000, 0x0000000100000000)
  region size 1024K, 29 young (29696K), 3 survivors (3072K)
 Metaspace       used 50467K, committed 50816K, reserved 1097728K
  class space    used 6301K, committed 6464K, reserved 1048576K
}
Event: 9.447 GC heap after
{Heap after GC invocations=22 (full 0):
 garbage-first heap   total 61440K, used 22898K [0x00000000c3a00000, 0x0000000100000000)
  region size 1024K, 3 young (3072K), 3 survivors (3072K)
 Metaspace       used 50467K, committed 50816K, reserved 1097728K
  class space    used 6301K, committed 6464K, reserved 1048576K
}
Event: 9.803 GC heap before
{Heap before GC invocations=22 (full 0):
 garbage-first heap   total 61440K, used 48498K [0x00000000c3a00000, 0x0000000100000000)
  region size 1024K, 29 young (29696K), 3 survivors (3072K)
 Metaspace       used 52871K, committed 53184K, reserved 1097728K
  class space    used 6646K, committed 6784K, reserved 1048576K
}
Event: 9.808 GC heap after
{Heap after GC invocations=23 (full 0):
 garbage-first heap   total 61440K, used 23753K [0x00000000c3a00000, 0x0000000100000000)
  region size 1024K, 3 young (3072K), 3 survivors (3072K)
 Metaspace       used 52871K, committed 53184K, reserved 1097728K
  class space    used 6646K, committed 6784K, reserved 1048576K
}
Event: 10.228 GC heap before
{Heap before GC invocations=23 (full 0):
 garbage-first heap   total 61440K, used 48329K [0x00000000c3a00000, 0x0000000100000000)
  region size 1024K, 28 young (28672K), 3 survivors (3072K)
 Metaspace       used 55236K, committed 55616K, reserved 1097728K
  class space    used 6931K, committed 7104K, reserved 1048576K
}
Event: 10.233 GC heap after
{Heap after GC invocations=24 (full 0):
 garbage-first heap   total 61440K, used 24632K [0x00000000c3a00000, 0x0000000100000000)
  region size 1024K, 3 young (3072K), 3 survivors (3072K)
 Metaspace       used 55236K, committed 55616K, reserved 1097728K
  class space    used 6931K, committed 7104K, reserved 1048576K
}
Event: 10.593 GC heap before
{Heap before GC invocations=24 (full 0):
 garbage-first heap   total 61440K, used 49208K [0x00000000c3a00000, 0x0000000100000000)
  region size 1024K, 28 young (28672K), 3 survivors (3072K)
 Metaspace       used 57515K, committed 57856K, reserved 1105920K
  class space    used 7305K, committed 7424K, reserved 1048576K
}
Event: 10.597 GC heap after
{Heap after GC invocations=25 (full 0):
 garbage-first heap   total 61440K, used 24952K [0x00000000c3a00000, 0x0000000100000000)
  region size 1024K, 2 young (2048K), 2 survivors (2048K)
 Metaspace       used 57515K, committed 57856K, reserved 1105920K
  class space    used 7305K, committed 7424K, reserved 1048576K
}

Deoptimization events (20 events):
Event: 10.426 Thread 0x0000024012764b00 DEOPT PACKING pc=0x00000240165f84a4 sp=0x000000e696af9220
Event: 10.426 Thread 0x0000024012764b00 DEOPT UNPACKING pc=0x0000024015e66763 sp=0x000000e696af8710 mode 1
Event: 10.427 Thread 0x0000024012764b00 DEOPT PACKING pc=0x000002401655b464 sp=0x000000e696af8760
Event: 10.427 Thread 0x0000024012764b00 DEOPT UNPACKING pc=0x0000024015e66763 sp=0x000000e696af7bf8 mode 1
Event: 10.427 Thread 0x0000024012764b00 DEOPT PACKING pc=0x000002401655a954 sp=0x000000e696af8830
Event: 10.427 Thread 0x0000024012764b00 DEOPT UNPACKING pc=0x0000024015e66763 sp=0x000000e696af7ce8 mode 1
Event: 10.427 Thread 0x0000024012764b00 DEOPT PACKING pc=0x00000240165f84a4 sp=0x000000e696af9220
Event: 10.427 Thread 0x0000024012764b00 DEOPT UNPACKING pc=0x0000024015e66763 sp=0x000000e696af8710 mode 1
Event: 10.429 Thread 0x0000024012764b00 DEOPT PACKING pc=0x000002401655b464 sp=0x000000e696af8ab0
Event: 10.429 Thread 0x0000024012764b00 DEOPT UNPACKING pc=0x0000024015e66763 sp=0x000000e696af7f48 mode 1
Event: 10.429 Thread 0x0000024012764b00 DEOPT PACKING pc=0x000002401655a954 sp=0x000000e696af8b80
Event: 10.429 Thread 0x0000024012764b00 DEOPT UNPACKING pc=0x0000024015e66763 sp=0x000000e696af8038 mode 1
Event: 10.429 Thread 0x0000024012764b00 DEOPT PACKING pc=0x00000240165f84a4 sp=0x000000e696af9570
Event: 10.429 Thread 0x0000024012764b00 DEOPT UNPACKING pc=0x0000024015e66763 sp=0x000000e696af8a60 mode 1
Event: 10.429 Thread 0x0000024012764b00 DEOPT PACKING pc=0x000002401655b464 sp=0x000000e696af8ab0
Event: 10.429 Thread 0x0000024012764b00 DEOPT UNPACKING pc=0x0000024015e66763 sp=0x000000e696af7f48 mode 1
Event: 10.429 Thread 0x0000024012764b00 DEOPT PACKING pc=0x000002401655a954 sp=0x000000e696af8b80
Event: 10.429 Thread 0x0000024012764b00 DEOPT UNPACKING pc=0x0000024015e66763 sp=0x000000e696af8038 mode 1
Event: 10.429 Thread 0x0000024012764b00 DEOPT PACKING pc=0x00000240165f84a4 sp=0x000000e696af9570
Event: 10.429 Thread 0x0000024012764b00 DEOPT UNPACKING pc=0x0000024015e66763 sp=0x000000e696af8a60 mode 1

Classes unloaded (0 events):
No events

Classes redefined (0 events):
No events

Internal exceptions (20 events):
Event: 8.441 Thread 0x0000024012764b00 Exception <a 'java/lang/ClassNotFoundException'{0x00000000c5c2e920}: org/springframework/beans/factory/AwareCustomizer> (0x00000000c5c2e920) 
thrown [e:\jenkins\tmp\workspace\build\src\src\hotspot\share\classfile\systemDictionary.cpp, line 256]
Event: 8.443 Thread 0x0000024012764b00 Exception <a 'java/lang/ClassNotFoundException'{0x00000000c5c35f60}: org/springframework/beans/factory/BeanFactoryAwareCustomizer> (0x00000000c5c35f60) 
thrown [e:\jenkins\tmp\workspace\build\src\src\hotspot\share\classfile\systemDictionary.cpp, line 256]
Event: 8.444 Thread 0x0000024012764b00 Exception <a 'java/lang/ClassNotFoundException'{0x00000000c5c3e770}: org/springframework/beans/factory/AwareCustomizer> (0x00000000c5c3e770) 
thrown [e:\jenkins\tmp\workspace\build\src\src\hotspot\share\classfile\systemDictionary.cpp, line 256]
Event: 8.445 Thread 0x0000024012764b00 Exception <a 'java/lang/ClassNotFoundException'{0x00000000c5c45d20}: org/springframework/beans/factory/BeanNameAwareCustomizer> (0x00000000c5c45d20) 
thrown [e:\jenkins\tmp\workspace\build\src\src\hotspot\share\classfile\systemDictionary.cpp, line 256]
Event: 8.446 Thread 0x0000024012764b00 Exception <a 'java/lang/ClassNotFoundException'{0x00000000c5c4e230}: org/springframework/beans/factory/AwareCustomizer> (0x00000000c5c4e230) 
thrown [e:\jenkins\tmp\workspace\build\src\src\hotspot\share\classfile\systemDictionary.cpp, line 256]
Event: 8.447 Thread 0x0000024012764b00 Exception <a 'java/lang/ClassNotFoundException'{0x00000000c5c55870}: org/springframework/beans/factory/InitializingBeanCustomizer> (0x00000000c5c55870) 
thrown [e:\jenkins\tmp\workspace\build\src\src\hotspot\share\classfile\systemDictionary.cpp, line 256]
Event: 8.449 Thread 0x0000024012764b00 Exception <a 'java/lang/ClassNotFoundException'{0x00000000c5c5d678}: org/springframework/beans/factory/DisposableBeanCustomizer> (0x00000000c5c5d678) 
thrown [e:\jenkins\tmp\workspace\build\src\src\hotspot\share\classfile\systemDictionary.cpp, line 256]
Event: 8.450 Thread 0x0000024012764b00 Exception <a 'java/lang/ClassNotFoundException'{0x00000000c5c65858}: org/springframework/orm/jpa/EntityManagerFactoryInfoCustomizer> (0x00000000c5c65858) 
thrown [e:\jenkins\tmp\workspace\build\src\src\hotspot\share\classfile\systemDictionary.cpp, line 256]
Event: 8.452 Thread 0x0000024012764b00 Exception <a 'java/lang/ClassNotFoundException'{0x00000000c5c77a28}: org/springframework/dao/support/PersistenceExceptionTranslatorCustomizer> (0x00000000c5c77a28) 
thrown [e:\jenkins\tmp\workspace\build\src\src\hotspot\share\classfile\systemDictionary.cpp, line 256]
Event: 9.873 Thread 0x0000024012764b00 Exception <a 'java/lang/ClassNotFoundException'{0x00000000c742ab10}: java/lang/ObjectCustomizer> (0x00000000c742ab10) 
thrown [e:\jenkins\tmp\workspace\build\src\src\hotspot\share\classfile\systemDictionary.cpp, line 256]
Event: 9.874 Thread 0x0000024012764b00 Exception <a 'java/lang/ClassNotFoundException'{0x00000000c7435470}: org/hibernate/id/enhanced/SequenceStyleGeneratorCustomizer> (0x00000000c7435470) 
thrown [e:\jenkins\tmp\workspace\build\src\src\hotspot\share\classfile\systemDictionary.cpp, line 256]
Event: 9.876 Thread 0x0000024012764b00 Exception <a 'java/lang/ClassNotFoundException'{0x00000000c74463f0}: org/hibernate/id/PersistentIdentifierGeneratorCustomizer> (0x00000000c74463f0) 
thrown [e:\jenkins\tmp\workspace\build\src\src\hotspot\share\classfile\systemDictionary.cpp, line 256]
Event: 9.877 Thread 0x0000024012764b00 Exception <a 'java/lang/ClassNotFoundException'{0x00000000c744e3a0}: org/hibernate/id/IdentifierGeneratorCustomizer> (0x00000000c744e3a0) 
thrown [e:\jenkins\tmp\workspace\build\src\src\hotspot\share\classfile\systemDictionary.cpp, line 256]
Event: 9.878 Thread 0x0000024012764b00 Exception <a 'java/lang/ClassNotFoundException'{0x00000000c7457e78}: org/hibernate/id/ConfigurableCustomizer> (0x00000000c7457e78) 
thrown [e:\jenkins\tmp\workspace\build\src\src\hotspot\share\classfile\systemDictionary.cpp, line 256]
Event: 9.879 Thread 0x0000024012764b00 Exception <a 'java/lang/ClassNotFoundException'{0x00000000c7460968}: org/hibernate/boot/model/relational/ExportableProducerCustomizer> (0x00000000c7460968) 
thrown [e:\jenkins\tmp\workspace\build\src\src\hotspot\share\classfile\systemDictionary.cpp, line 256]
Event: 9.880 Thread 0x0000024012764b00 Exception <a 'java/lang/ClassNotFoundException'{0x00000000c7468dd0}: org/hibernate/id/BulkInsertionCapableIdentifierGeneratorCustomizer> (0x00000000c7468dd0) 
thrown [e:\jenkins\tmp\workspace\build\src\src\hotspot\share\classfile\systemDictionary.cpp, line 256]
Event: 9.881 Thread 0x0000024012764b00 Exception <a 'java/lang/ClassNotFoundException'{0x00000000c7471ce8}: org/hibernate/id/IdentifierGeneratorCustomizer> (0x00000000c7471ce8) 
thrown [e:\jenkins\tmp\workspace\build\src\src\hotspot\share\classfile\systemDictionary.cpp, line 256]
Event: 9.881 Thread 0x0000024012764b00 Exception <a 'java/lang/ClassNotFoundException'{0x00000000c747b6b0}: org/hibernate/id/ConfigurableCustomizer> (0x00000000c747b6b0) 
thrown [e:\jenkins\tmp\workspace\build\src\src\hotspot\share\classfile\systemDictionary.cpp, line 256]
Event: 9.882 Thread 0x0000024012764b00 Exception <a 'java/lang/ClassNotFoundException'{0x00000000c7483eb8}: org/hibernate/boot/model/relational/ExportableProducerCustomizer> (0x00000000c7483eb8) 
thrown [e:\jenkins\tmp\workspace\build\src\src\hotspot\share\classfile\systemDictionary.cpp, line 256]
Event: 9.953 Thread 0x0000024012764b00 Exception <a 'java/lang/NoSuchMethodError'{0x00000000c6b16da8}: 'java.lang.Object java.lang.invoke.DirectMethodHandle$Holder.newInvokeSpecial(java.lang.Object, java.lang.Object, int, java.lang.Object, java.lang.Object)'> (0x00000000c6b16da8) 
thrown [e:\jenkins\tmp\workspace\build\src\src\hotspot\share\interpreter\linkResolver.cpp, line 766]

VM Operations (20 events):
Event: 7.576 Executing VM operation: HandshakeAllThreads
Event: 7.576 Executing VM operation: HandshakeAllThreads done
Event: 8.292 Executing VM operation: HandshakeAllThreads
Event: 8.292 Executing VM operation: HandshakeAllThreads done
Event: 8.480 Executing VM operation: G1CollectForAllocation
Event: 8.486 Executing VM operation: G1CollectForAllocation done
Event: 8.941 Executing VM operation: G1CollectForAllocation
Event: 8.946 Executing VM operation: G1CollectForAllocation done
Event: 9.443 Executing VM operation: G1CollectForAllocation
Event: 9.447 Executing VM operation: G1CollectForAllocation done
Event: 9.690 Executing VM operation: HandshakeAllThreads
Event: 9.690 Executing VM operation: HandshakeAllThreads done
Event: 9.791 Executing VM operation: HandshakeAllThreads
Event: 9.791 Executing VM operation: HandshakeAllThreads done
Event: 9.803 Executing VM operation: G1CollectForAllocation
Event: 9.808 Executing VM operation: G1CollectForAllocation done
Event: 10.228 Executing VM operation: G1CollectForAllocation
Event: 10.233 Executing VM operation: G1CollectForAllocation done
Event: 10.593 Executing VM operation: G1CollectForAllocation
Event: 10.597 Executing VM operation: G1CollectForAllocation done

Events (20 events):
Event: 10.003 loading class java/lang/invoke/VarHandleInts$FieldStaticReadOnly done
Event: 10.003 loading class java/lang/invoke/VarHandleInts$FieldStaticReadWrite done
Event: 10.004 loading class java/util/concurrent/ForkJoinPool$DefaultForkJoinWorkerThreadFactory
Event: 10.004 loading class java/util/concurrent/ForkJoinPool$ForkJoinWorkerThreadFactory
Event: 10.004 loading class java/util/concurrent/ForkJoinPool$ForkJoinWorkerThreadFactory done
Event: 10.004 loading class java/util/concurrent/ForkJoinPool$DefaultForkJoinWorkerThreadFactory done
Event: 10.004 loading class java/util/concurrent/ForkJoinPool$1
Event: 10.004 loading class java/util/concurrent/ForkJoinPool$1 done
Event: 10.004 loading class java/util/concurrent/ForkJoinPool$DefaultCommonPoolForkJoinWorkerThreadFactory
Event: 10.004 loading class java/util/concurrent/ForkJoinPool$DefaultCommonPoolForkJoinWorkerThreadFactory done
Event: 10.004 loading class java/util/concurrent/ForkJoinPool$WorkQueue
Event: 10.005 loading class java/util/concurrent/ForkJoinPool$WorkQueue done
Event: 10.005 loading class java/util/concurrent/CompletableFuture$Completion
Event: 10.005 loading class java/util/concurrent/CompletableFuture$AsynchronousCompletionTask
Event: 10.005 loading class java/util/concurrent/CompletableFuture$AsynchronousCompletionTask done
Event: 10.005 loading class java/util/concurrent/ForkJoinTask
Event: 10.005 loading class java/util/concurrent/ForkJoinTask done
Event: 10.005 loading class java/util/concurrent/CompletableFuture$Completion done
Event: 10.632 loading class java/util/AbstractList$SubList
Event: 10.633 loading class java/util/AbstractList$SubList done


Dynamic libraries:
0x00007ff7b14b0000 - 0x00007ff7b14be000 	C:\sts-4.14.1.RELEASE\plugins\org.eclipse.justj.openjdk.hotspot.jre.full.win32.x86_64_17.0.2.v20220201-1208\jre\bin\javaw.exe
0x00007ffd2c450000 - 0x00007ffd2c648000 	C:\Windows\SYSTEM32\ntdll.dll
0x00007ffd2be40000 - 0x00007ffd2beff000 	C:\Windows\System32\KERNEL32.DLL
0x00007ffd29c50000 - 0x00007ffd29f22000 	C:\Windows\System32\KERNELBASE.dll
0x00007ffd29b50000 - 0x00007ffd29c50000 	C:\Windows\System32\ucrtbase.dll
0x00007ffd1a2f0000 - 0x00007ffd1a308000 	C:\sts-4.14.1.RELEASE\plugins\org.eclipse.justj.openjdk.hotspot.jre.full.win32.x86_64_17.0.2.v20220201-1208\jre\bin\jli.dll
0x00007ffd2c230000 - 0x00007ffd2c3cd000 	C:\Windows\System32\USER32.dll
0x00007ffd2a270000 - 0x00007ffd2a292000 	C:\Windows\System32\win32u.dll
0x00007ffd2b560000 - 0x00007ffd2b58b000 	C:\Windows\System32\GDI32.dll
0x00007ffd2a0e0000 - 0x00007ffd2a1ef000 	C:\Windows\System32\gdi32full.dll
0x00007ffd2a2a0000 - 0x00007ffd2a33d000 	C:\Windows\System32\msvcp_win.dll
0x00007ffd199c0000 - 0x00007ffd199d9000 	C:\sts-4.14.1.RELEASE\plugins\org.eclipse.justj.openjdk.hotspot.jre.full.win32.x86_64_17.0.2.v20220201-1208\jre\bin\VCRUNTIME140.dll
0x00007ffd14be0000 - 0x00007ffd14e7a000 	C:\Windows\WinSxS\amd64_microsoft.windows.common-controls_6595b64144ccf1df_6.0.19041.1110_none_60b5254171f9507e\COMCTL32.dll
0x00007ffd2b3a0000 - 0x00007ffd2b43e000 	C:\Windows\System32\msvcrt.dll
0x00007ffd2c3d0000 - 0x00007ffd2c402000 	C:\Windows\System32\IMM32.DLL
0x00007ffd19620000 - 0x00007ffd1962c000 	C:\sts-4.14.1.RELEASE\plugins\org.eclipse.justj.openjdk.hotspot.jre.full.win32.x86_64_17.0.2.v20220201-1208\jre\bin\vcruntime140_1.dll
0x00007ffce5550000 - 0x00007ffce55e1000 	C:\sts-4.14.1.RELEASE\plugins\org.eclipse.justj.openjdk.hotspot.jre.full.win32.x86_64_17.0.2.v20220201-1208\jre\bin\msvcp140.dll
0x00007ffccc100000 - 0x00007ffcccd47000 	C:\sts-4.14.1.RELEASE\plugins\org.eclipse.justj.openjdk.hotspot.jre.full.win32.x86_64_17.0.2.v20220201-1208\jre\bin\server\jvm.dll
0x00007ffd2bce0000 - 0x00007ffd2bd8e000 	C:\Windows\System32\ADVAPI32.dll
0x00007ffd2b300000 - 0x00007ffd2b39c000 	C:\Windows\System32\sechost.dll
0x00007ffd2aad0000 - 0x00007ffd2abf5000 	C:\Windows\System32\RPCRT4.dll
0x00007ffd2ad30000 - 0x00007ffd2ad38000 	C:\Windows\System32\PSAPI.DLL
0x00007ffd10020000 - 0x00007ffd10029000 	C:\Windows\SYSTEM32\WSOCK32.dll
0x00007ffd2c1c0000 - 0x00007ffd2c22b000 	C:\Windows\System32\WS2_32.dll
0x00007ffd24550000 - 0x00007ffd24577000 	C:\Windows\SYSTEM32\WINMM.dll
0x00007ffd21050000 - 0x00007ffd2105a000 	C:\Windows\SYSTEM32\VERSION.dll
0x00007ffd27bb0000 - 0x00007ffd27bc2000 	C:\Windows\SYSTEM32\kernel.appcore.dll
0x00007ffd19610000 - 0x00007ffd1961a000 	C:\sts-4.14.1.RELEASE\plugins\org.eclipse.justj.openjdk.hotspot.jre.full.win32.x86_64_17.0.2.v20220201-1208\jre\bin\jimage.dll
0x00007ffd278c0000 - 0x00007ffd27aa4000 	C:\Windows\SYSTEM32\DBGHELP.DLL
0x00007ffd244e0000 - 0x00007ffd2450c000 	C:\Windows\SYSTEM32\dbgcore.DLL
0x00007ffd29fa0000 - 0x00007ffd2a022000 	C:\Windows\System32\bcryptPrimitives.dll
0x00007ffcfc960000 - 0x00007ffcfc99b000 	C:\sts-4.14.1.RELEASE\plugins\org.eclipse.justj.openjdk.hotspot.jre.full.win32.x86_64_17.0.2.v20220201-1208\jre\bin\jdwp.dll
0x00007ffd0bd50000 - 0x00007ffd0bd5e000 	C:\sts-4.14.1.RELEASE\plugins\org.eclipse.justj.openjdk.hotspot.jre.full.win32.x86_64_17.0.2.v20220201-1208\jre\bin\instrument.dll
0x00007ffceb970000 - 0x00007ffceb995000 	C:\sts-4.14.1.RELEASE\plugins\org.eclipse.justj.openjdk.hotspot.jre.full.win32.x86_64_17.0.2.v20220201-1208\jre\bin\java.dll
0x00007ffcfcc70000 - 0x00007ffcfcc88000 	C:\sts-4.14.1.RELEASE\plugins\org.eclipse.justj.openjdk.hotspot.jre.full.win32.x86_64_17.0.2.v20220201-1208\jre\bin\zip.dll
0x00007ffd2b590000 - 0x00007ffd2bcd3000 	C:\Windows\System32\SHELL32.dll
0x00007ffd27bd0000 - 0x00007ffd28362000 	C:\Windows\SYSTEM32\windows.storage.dll
0x00007ffd2adc0000 - 0x00007ffd2b114000 	C:\Windows\System32\combase.dll
0x00007ffd293f0000 - 0x00007ffd29420000 	C:\Windows\SYSTEM32\Wldp.dll
0x00007ffd2c030000 - 0x00007ffd2c0dd000 	C:\Windows\System32\SHCORE.dll
0x00007ffd2b140000 - 0x00007ffd2b195000 	C:\Windows\System32\shlwapi.dll
0x00007ffd29a90000 - 0x00007ffd29aaf000 	C:\Windows\SYSTEM32\profapi.dll
0x00007ffd09650000 - 0x00007ffd0965c000 	C:\sts-4.14.1.RELEASE\plugins\org.eclipse.justj.openjdk.hotspot.jre.full.win32.x86_64_17.0.2.v20220201-1208\jre\bin\dt_socket.dll
0x00007ffd28ee0000 - 0x00007ffd28f1b000 	C:\Windows\SYSTEM32\IPHLPAPI.DLL
0x00007ffd291d0000 - 0x00007ffd2923a000 	C:\Windows\system32\mswsock.dll
0x00007ffd28f20000 - 0x00007ffd28fea000 	C:\Windows\SYSTEM32\DNSAPI.dll
0x00007ffd2a4a0000 - 0x00007ffd2a4a8000 	C:\Windows\System32\NSI.dll
0x00007ffd21c00000 - 0x00007ffd21c0a000 	C:\Windows\System32\rasadhlp.dll
0x00007ffd190e0000 - 0x00007ffd19160000 	C:\Windows\System32\fwpuclnt.dll
0x00007ffd2a1f0000 - 0x00007ffd2a217000 	C:\Windows\System32\bcrypt.dll
0x00007ffcfc940000 - 0x00007ffcfc959000 	C:\sts-4.14.1.RELEASE\plugins\org.eclipse.justj.openjdk.hotspot.jre.full.win32.x86_64_17.0.2.v20220201-1208\jre\bin\net.dll
0x00007ffd19af0000 - 0x00007ffd19bfc000 	C:\Windows\SYSTEM32\WINHTTP.dll
0x00007ffcf8c90000 - 0x00007ffcf8ca5000 	C:\sts-4.14.1.RELEASE\plugins\org.eclipse.justj.openjdk.hotspot.jre.full.win32.x86_64_17.0.2.v20220201-1208\jre\bin\nio.dll
0x00007ffd03890000 - 0x00007ffd038a0000 	C:\sts-4.14.1.RELEASE\plugins\org.eclipse.justj.openjdk.hotspot.jre.full.win32.x86_64_17.0.2.v20220201-1208\jre\bin\verify.dll
0x00007ffd1a780000 - 0x00007ffd1a797000 	C:\Windows\SYSTEM32\dhcpcsvc6.DLL
0x00007ffd1fab0000 - 0x00007ffd1facd000 	C:\Windows\SYSTEM32\dhcpcsvc.DLL
0x00007ffd03350000 - 0x00007ffd03359000 	C:\sts-4.14.1.RELEASE\plugins\org.eclipse.justj.openjdk.hotspot.jre.full.win32.x86_64_17.0.2.v20220201-1208\jre\bin\management.dll
0x00007ffd01120000 - 0x00007ffd0112b000 	C:\sts-4.14.1.RELEASE\plugins\org.eclipse.justj.openjdk.hotspot.jre.full.win32.x86_64_17.0.2.v20220201-1208\jre\bin\management_ext.dll
0x00007ffd1aa20000 - 0x00007ffd1aa37000 	C:\Windows\system32\napinsp.dll
0x00007ffd1aa00000 - 0x00007ffd1aa1b000 	C:\Windows\system32\pnrpnsp.dll
0x00007ffd24a70000 - 0x00007ffd24a85000 	C:\Windows\system32\wshbth.dll
0x00007ffd20df0000 - 0x00007ffd20e0d000 	C:\Windows\system32\NLAapi.dll
0x00007ffd1a9e0000 - 0x00007ffd1a9f2000 	C:\Windows\System32\winrnr.dll
0x00007ffd29430000 - 0x00007ffd29448000 	C:\Windows\SYSTEM32\CRYPTSP.dll
0x00007ffd28b10000 - 0x00007ffd28b44000 	C:\Windows\system32\rsaenh.dll
0x00007ffd29a10000 - 0x00007ffd29a3e000 	C:\Windows\SYSTEM32\USERENV.dll
0x00007ffd29360000 - 0x00007ffd2936c000 	C:\Windows\SYSTEM32\CRYPTBASE.dll

dbghelp: loaded successfully - version: 4.0.5 - missing functions: none
symbol engine: initialized successfully - sym options: 0x614 - pdb path: .;C:\sts-4.14.1.RELEASE\plugins\org.eclipse.justj.openjdk.hotspot.jre.full.win32.x86_64_17.0.2.v20220201-1208\jre\bin;C:\Windows\SYSTEM32;C:\Windows\WinSxS\amd64_microsoft.windows.common-controls_6595b64144ccf1df_6.0.19041.1110_none_60b5254171f9507e;C:\sts-4.14.1.RELEASE\plugins\org.eclipse.justj.openjdk.hotspot.jre.full.win32.x86_64_17.0.2.v20220201-1208\jre\bin\server

VM Arguments:
jvm_args: -XX:+ShowCodeDetailsInExceptionMessages -agentlib:jdwp=transport=dt_socket,suspend=y,address=localhost:57229 -ea -javaagent:C:\sts-4.14.1.RELEASE\configuration\org.eclipse.osgi\265\0\.cp\lib\javaagent-shaded.jar -Dfile.encoding=UTF-8 
java_command: org.eclipse.jdt.internal.junit.runner.RemoteTestRunner -version 3 -port 57228 -testLoaderClass org.eclipse.jdt.internal.junit5.runner.JUnit5TestLoader -loaderpluginname org.eclipse.jdt.junit5.runtime -test jdev.mentoria.lojavirtual.TestePessoaUsuario:testCadPessoa
java_class_path (initial): C:\Users\edmil\git\loja_virtual_mentoria\loja_virtual_mentoria\target\test-classes;C:\Users\edmil\git\loja_virtual_mentoria\loja_virtual_mentoria\target\classes;C:\Users\edmil\.m2\repository\org\springframework\boot\spring-boot-starter-data-jpa\2.6.7\spring-boot-starter-data-jpa-2.6.7.jar;C:\Users\edmil\.m2\repository\org\springframework\boot\spring-boot-starter-aop\2.6.7\spring-boot-starter-aop-2.6.7.jar;C:\Users\edmil\.m2\repository\org\aspectj\aspectjweaver\1.9.7\aspectjweaver-1.9.7.jar;C:\Users\edmil\.m2\repository\org\springframework\boot\spring-boot-starter-jdbc\2.6.7\spring-boot-starter-jdbc-2.6.7.jar;C:\Users\edmil\.m2\repository\com\zaxxer\HikariCP\4.0.3\HikariCP-4.0.3.jar;C:\Users\edmil\.m2\repository\org\springframework\spring-jdbc\5.3.19\spring-jdbc-5.3.19.jar;C:\Users\edmil\.m2\repository\jakarta\transaction\jakarta.transaction-api\1.3.3\jakarta.transaction-api-1.3.3.jar;C:\Users\edmil\.m2\repository\jakarta\persistence\jakarta.persistence-api\2.2.3\jakarta.persistence-api-2.2.3.jar;C:\Users\edmil\.m2\repository\org\hibernate\hibernate-core\5.6.8.Final\hibernate-core-5.6.8.Final.jar;C:\Users\edmil\.m2\repository\org\jboss\logging\jboss-logging\3.4.3.Final\jboss-logging-3.4.3.Final.jar;C:\Users\edmil\.m2\repository\net\bytebuddy\byte-buddy\1.11.22\byte-buddy-1.11.22.jar;C:\Users\edmil\.m2\repository\antlr\antlr\2.7.7\antlr-2.7.7.jar;C:\Users\edmil\.m2\repository\org\jboss\jandex\2.4.2.Final\jandex-2.4.2.Final.jar;C:\Users\edmil\.m2\repository\com\fasterxml\classmate\1.5.1\classmate-1.5.1.jar;C:\Users\edmil\.m2\repository\org\hibernate\common\hibernate-commons-annotations\5.1.2.Final\hibernate-commons-annotations-5.1.2.Final.jar;C:\Users\edmil\.m2\repository\org\glassfish\jaxb\jaxb-runtime\2.3.6\jaxb-runtime-2.3.6.jar;C:\Users\edmil\.m2\repository\org\glassfish\jaxb\txw2\2.3.6\txw2-2.3.6.jar;C:\Users\edmil\.m2\repository\com\sun\istack\istack-commons-runtime\3.0.12\istack-commons-runtime-3.0.12.jar;C:\Users\edmil\.m2\repositor
Launcher Type: SUN_STANDARD

[Global flags]
     intx CICompilerCount                          = 3                                         {product} {ergonomic}
     uint ConcGCThreads                            = 1                                         {product} {ergonomic}
     uint G1ConcRefinementThreads                  = 4                                         {product} {ergonomic}
   size_t G1HeapRegionSize                         = 1048576                                   {product} {ergonomic}
    uintx GCDrainStackTargetSize                   = 64                                        {product} {ergonomic}
   size_t InitialHeapSize                          = 65011712                                  {product} {ergonomic}
   size_t MarkStackSize                            = 4194304                                   {product} {ergonomic}
   size_t MaxHeapSize                              = 1012924416                                {product} {ergonomic}
   size_t MaxNewSize                               = 607125504                                 {product} {ergonomic}
   size_t MinHeapDeltaBytes                        = 1048576                                   {product} {ergonomic}
   size_t MinHeapSize                              = 8388608                                   {product} {ergonomic}
    uintx NonNMethodCodeHeapSize                   = 5832780                                {pd product} {ergonomic}
    uintx NonProfiledCodeHeapSize                  = 122912730                              {pd product} {ergonomic}
    uintx ProfiledCodeHeapSize                     = 122912730                              {pd product} {ergonomic}
    uintx ReservedCodeCacheSize                    = 251658240                              {pd product} {ergonomic}
     bool SegmentedCodeCache                       = true                                      {product} {ergonomic}
     bool ShowCodeDetailsInExceptionMessages       = true                                   {manageable} {command line}
   size_t SoftMaxHeapSize                          = 1012924416                             {manageable} {ergonomic}
     bool UseCompressedClassPointers               = true                           {product lp64_product} {ergonomic}
     bool UseCompressedOops                        = true                           {product lp64_product} {ergonomic}
     bool UseG1GC                                  = true                                      {product} {ergonomic}
     bool UseLargePagesIndividualAllocation        = false                                  {pd product} {ergonomic}

Logging:
Log output configuration:
 #0: stdout all=warning uptime,level,tags
 #1: stderr all=off uptime,level,tags

Environment Variables:
PATH=C:\sts-4.14.1.RELEASE\plugins\org.eclipse.justj.openjdk.hotspot.jre.full.win32.x86_64_17.0.2.v20220201-1208\jre\bin;C:\Program Files\Java\jdk-16.0.1;%JAVA_HOME%\bin;C:\Program Files\Common Files\Oracle\Java\javapath;C:\Windows\system32;C:\Windows;C:\Windows\System32\Wbem;C:\Windows\System32\WindowsPowerShell\v1.0\;C:\Windows\System32\OpenSSH\;C:\Program Files\dotnet\;C:\apache-tomcat-10.0.6\bin;C:\Program Files\RabbitMQ Server\rabbitmq_server-3.11.4\sbin;C:\Users\edmil\AppData\Local\Microsoft\WindowsApps;;C:\Program Files\JetBrains\IntelliJ IDEA Community Edition 2022.2.3\bin;
USERNAME=edmil
OS=Windows_NT
PROCESSOR_IDENTIFIER=Intel64 Family 6 Model 126 Stepping 5, GenuineIntel



---------------  S Y S T E M  ---------------

OS:
 Windows 10 , 64 bit Build 19041 (10.0.19041.2251)
OS uptime: 6 days 10:00 hours
Hyper-V role detected

CPU: total 4 (initial active 4) (2 cores per cpu, 2 threads per core) family 6 model 126 stepping 5 microcode 0xb8, cx8, cmov, fxsr, ht, mmx, 3dnowpref, sse, sse2, sse3, ssse3, sse4.1, sse4.2, popcnt, lzcnt, tsc, tscinvbit, avx, avx2, aes, erms, clmul, bmi1, bmi2, adx, avx512f, avx512dq, avx512cd, avx512bw, avx512vl, sha, fma, vzeroupper, avx512_vpopcntdq, avx512_vpclmulqdq, avx512_vaes, avx512_vnni, clflush, clflushopt, avx512_vbmi2, avx512_vbmi, hv

Memory: 4k page, system-wide physical 3862M (168M free)
TotalPageFile size 15638M (AvailPageFile size 5M)
current process WorkingSet (physical memory assigned to process): 191M, peak: 192M
current process commit charge ("private bytes"): 258M, peak: 260M

vm_info: OpenJDK 64-Bit Server VM (17.0.2+8) for windows-amd64 JRE (17.0.2+8), built on Jan 20 2022 04:52:34 by "" with MS VC++ 16.7 (VS2019)

END.
